[2025-11-27T17:48:01.792+0000] {taskinstance.py:1956} INFO - Dependencies all met for dep_context=non-requeueable deps ti=<TaskInstance: weather_etl_dag.success_task manual__2025-11-27T17:47:50.622489+00:00 [queued]>
[2025-11-27T17:48:01.804+0000] {taskinstance.py:1956} INFO - Dependencies all met for dep_context=requeueable deps ti=<TaskInstance: weather_etl_dag.success_task manual__2025-11-27T17:47:50.622489+00:00 [queued]>
[2025-11-27T17:48:01.805+0000] {taskinstance.py:2170} INFO - Starting attempt 1 of 1
[2025-11-27T17:48:01.818+0000] {taskinstance.py:2191} INFO - Executing <Task(EmailOperator): success_task> on 2025-11-27 17:47:50.622489+00:00
[2025-11-27T17:48:01.823+0000] {standard_task_runner.py:60} INFO - Started process 199 to run task
[2025-11-27T17:48:01.825+0000] {standard_task_runner.py:87} INFO - Running: ['***', 'tasks', 'run', 'weather_etl_dag', 'success_task', 'manual__2025-11-27T17:47:50.622489+00:00', '--job-id', '40', '--raw', '--subdir', 'DAGS_FOLDER/weather_etl_dag.py', '--cfg-path', '/tmp/tmpjmmdccbe']
[2025-11-27T17:48:01.827+0000] {standard_task_runner.py:88} INFO - Job 40: Subtask success_task
[2025-11-27T17:48:01.841+0000] {logging_mixin.py:188} WARNING - /home/***/.local/lib/python3.8/site-packages/***/settings.py:194 DeprecationWarning: The sql_alchemy_conn option in [core] has been moved to the sql_alchemy_conn option in [database] - the old setting has been used, but please update your config.
[2025-11-27T17:48:01.873+0000] {task_command.py:423} INFO - Running <TaskInstance: weather_etl_dag.success_task manual__2025-11-27T17:47:50.622489+00:00 [running]> on host 1587372e65c9
[2025-11-27T17:48:01.961+0000] {taskinstance.py:2480} INFO - Exporting env vars: AIRFLOW_CTX_DAG_OWNER='***' AIRFLOW_CTX_DAG_ID='weather_etl_dag' AIRFLOW_CTX_TASK_ID='success_task' AIRFLOW_CTX_EXECUTION_DATE='2025-11-27T17:47:50.622489+00:00' AIRFLOW_CTX_TRY_NUMBER='1' AIRFLOW_CTX_DAG_RUN_ID='manual__2025-11-27T17:47:50.622489+00:00'
[2025-11-27T17:48:01.973+0000] {logging_mixin.py:188} WARNING - /home/***/.local/lib/python3.8/site-packages/***/utils/email.py:154 RemovedInAirflow3Warning: Fetching SMTP credentials from configuration variables will be deprecated in a future release. Please set credentials using a connection instead.
[2025-11-27T17:48:01.973+0000] {email.py:270} INFO - Email alerting: attempt 1
[2025-11-27T17:48:03.793+0000] {taskinstance.py:2698} ERROR - Task failed with exception
Traceback (most recent call last):
  File "/home/airflow/.local/lib/python3.8/site-packages/airflow/models/taskinstance.py", line 433, in _execute_task
    result = execute_callable(context=context, **execute_callable_kwargs)
  File "/home/airflow/.local/lib/python3.8/site-packages/airflow/operators/email.py", line 79, in execute
    send_email(
  File "/home/airflow/.local/lib/python3.8/site-packages/airflow/utils/email.py", line 80, in send_email
    return backend(
  File "/home/airflow/.local/lib/python3.8/site-packages/airflow/utils/email.py", line 154, in send_email_smtp
    send_mime_email(e_from=mail_from, e_to=recipients, mime_msg=msg, conn_id=conn_id, dryrun=dryrun)
  File "/home/airflow/.local/lib/python3.8/site-packages/airflow/utils/email.py", line 280, in send_mime_email
    smtp_conn.login(smtp_user, smtp_password)
  File "/usr/local/lib/python3.8/smtplib.py", line 748, in login
    raise last_exception
  File "/usr/local/lib/python3.8/smtplib.py", line 737, in login
    (code, resp) = self.auth(
  File "/usr/local/lib/python3.8/smtplib.py", line 660, in auth
    raise SMTPAuthenticationError(code, resp)
smtplib.SMTPAuthenticationError: (535, b'5.7.8 Username and Password not accepted. For more information, go to\n5.7.8  https://support.google.com/mail/?p=BadCredentials 98e67ed59e1d1-3477b74b8f1sm2439885a91.14 - gsmtp')
[2025-11-27T17:48:03.813+0000] {taskinstance.py:1138} INFO - Marking task as FAILED. dag_id=weather_etl_dag, task_id=success_task, execution_date=20251127T174750, start_date=20251127T174801, end_date=20251127T174803
[2025-11-27T17:48:03.841+0000] {standard_task_runner.py:107} ERROR - Failed to execute job 40 for task success_task ((535, b'5.7.8 Username and Password not accepted. For more information, go to\n5.7.8  https://support.google.com/mail/?p=BadCredentials 98e67ed59e1d1-3477b74b8f1sm2439885a91.14 - gsmtp'); 199)
[2025-11-27T17:48:03.886+0000] {local_task_job_runner.py:234} INFO - Task exited with return code 1
[2025-11-27T17:48:03.904+0000] {taskinstance.py:3280} INFO - 0 downstream tasks scheduled from follow-on schedule check
