[2025-12-02T05:01:30.787+0000] {taskinstance.py:1956} INFO - Dependencies all met for dep_context=non-requeueable deps ti=<TaskInstance: example_s3_hook.list_s3_files manual__2025-12-02T05:01:29.756003+00:00 [queued]>
[2025-12-02T05:01:30.797+0000] {taskinstance.py:1956} INFO - Dependencies all met for dep_context=requeueable deps ti=<TaskInstance: example_s3_hook.list_s3_files manual__2025-12-02T05:01:29.756003+00:00 [queued]>
[2025-12-02T05:01:30.798+0000] {taskinstance.py:2170} INFO - Starting attempt 1 of 1
[2025-12-02T05:01:30.813+0000] {taskinstance.py:2191} INFO - Executing <Task(PythonOperator): list_s3_files> on 2025-12-02 05:01:29.756003+00:00
[2025-12-02T05:01:30.816+0000] {standard_task_runner.py:60} INFO - Started process 307 to run task
[2025-12-02T05:01:30.819+0000] {standard_task_runner.py:87} INFO - Running: ['***', 'tasks', 'run', 'example_s3_hook', 'list_s3_files', 'manual__2025-12-02T05:01:29.756003+00:00', '--job-id', '148', '--raw', '--subdir', 'DAGS_FOLDER/list_s3_files.py', '--cfg-path', '/tmp/tmpwww07vrd']
[2025-12-02T05:01:30.821+0000] {standard_task_runner.py:88} INFO - Job 148: Subtask list_s3_files
[2025-12-02T05:01:30.838+0000] {logging_mixin.py:188} WARNING - /home/***/.local/lib/python3.8/site-packages/***/settings.py:194 DeprecationWarning: The sql_alchemy_conn option in [core] has been moved to the sql_alchemy_conn option in [database] - the old setting has been used, but please update your config.
[2025-12-02T05:01:30.876+0000] {task_command.py:423} INFO - Running <TaskInstance: example_s3_hook.list_s3_files manual__2025-12-02T05:01:29.756003+00:00 [running]> on host c001bafadc9d
[2025-12-02T05:01:30.951+0000] {taskinstance.py:2480} INFO - Exporting env vars: AIRFLOW_CTX_DAG_OWNER='***' AIRFLOW_CTX_DAG_ID='example_s3_hook' AIRFLOW_CTX_TASK_ID='list_s3_files' AIRFLOW_CTX_EXECUTION_DATE='2025-12-02T05:01:29.756003+00:00' AIRFLOW_CTX_TRY_NUMBER='1' AIRFLOW_CTX_DAG_RUN_ID='manual__2025-12-02T05:01:29.756003+00:00'
[2025-12-02T05:01:30.959+0000] {base_aws.py:581} WARNING - Unable to find AWS Connection ID 'aws_conn', switching to empty.
[2025-12-02T05:01:30.960+0000] {base_aws.py:161} INFO - No connection ID provided. Fallback on boto3 credential strategy (region_name=None). See: https://boto3.amazonaws.com/v1/documentation/api/latest/guide/configuration.html
[2025-12-02T05:01:31.545+0000] {taskinstance.py:2698} ERROR - Task failed with exception
Traceback (most recent call last):
  File "/home/airflow/.local/lib/python3.8/site-packages/airflow/models/taskinstance.py", line 433, in _execute_task
    result = execute_callable(context=context, **execute_callable_kwargs)
  File "/home/airflow/.local/lib/python3.8/site-packages/airflow/operators/python.py", line 199, in execute
    return_value = self.execute_callable()
  File "/home/airflow/.local/lib/python3.8/site-packages/airflow/operators/python.py", line 216, in execute_callable
    return self.python_callable(*self.op_args, **self.op_kwargs)
  File "/opt/airflow/dags/list_s3_files.py", line 9, in list_s3_objects
    keys = hook.list_keys(bucket_name=bucket)
  File "/home/airflow/.local/lib/python3.8/site-packages/airflow/providers/amazon/aws/hooks/s3.py", line 91, in wrapper
    return func(*bound_args.args, **bound_args.kwargs)
  File "/home/airflow/.local/lib/python3.8/site-packages/airflow/providers/amazon/aws/hooks/s3.py", line 828, in list_keys
    for page in response:
  File "/home/airflow/.local/lib/python3.8/site-packages/botocore/paginate.py", line 269, in __iter__
    response = self._make_request(current_kwargs)
  File "/home/airflow/.local/lib/python3.8/site-packages/botocore/paginate.py", line 357, in _make_request
    return self._method(**current_kwargs)
  File "/home/airflow/.local/lib/python3.8/site-packages/botocore/client.py", line 553, in _api_call
    return self._make_api_call(operation_name, kwargs)
  File "/home/airflow/.local/lib/python3.8/site-packages/botocore/client.py", line 989, in _make_api_call
    http, parsed_response = self._make_request(
  File "/home/airflow/.local/lib/python3.8/site-packages/botocore/client.py", line 1015, in _make_request
    return self._endpoint.make_request(operation_model, request_dict)
  File "/home/airflow/.local/lib/python3.8/site-packages/botocore/endpoint.py", line 119, in make_request
    return self._send_request(request_dict, operation_model)
  File "/home/airflow/.local/lib/python3.8/site-packages/botocore/endpoint.py", line 198, in _send_request
    request = self.create_request(request_dict, operation_model)
  File "/home/airflow/.local/lib/python3.8/site-packages/botocore/endpoint.py", line 134, in create_request
    self._event_emitter.emit(
  File "/home/airflow/.local/lib/python3.8/site-packages/botocore/hooks.py", line 412, in emit
    return self._emitter.emit(aliased_event_name, **kwargs)
  File "/home/airflow/.local/lib/python3.8/site-packages/botocore/hooks.py", line 256, in emit
    return self._emit(event_name, kwargs)
  File "/home/airflow/.local/lib/python3.8/site-packages/botocore/hooks.py", line 239, in _emit
    response = handler(**kwargs)
  File "/home/airflow/.local/lib/python3.8/site-packages/botocore/signers.py", line 105, in handler
    return self.sign(operation_name, request)
  File "/home/airflow/.local/lib/python3.8/site-packages/botocore/signers.py", line 195, in sign
    auth.add_auth(request)
  File "/home/airflow/.local/lib/python3.8/site-packages/botocore/auth.py", line 418, in add_auth
    raise NoCredentialsError()
botocore.exceptions.NoCredentialsError: Unable to locate credentials
[2025-12-02T05:01:31.563+0000] {taskinstance.py:1138} INFO - Marking task as FAILED. dag_id=example_s3_hook, task_id=list_s3_files, execution_date=20251202T050129, start_date=20251202T050130, end_date=20251202T050131
[2025-12-02T05:01:31.578+0000] {standard_task_runner.py:107} ERROR - Failed to execute job 148 for task list_s3_files (Unable to locate credentials; 307)
[2025-12-02T05:01:31.593+0000] {local_task_job_runner.py:234} INFO - Task exited with return code 1
[2025-12-02T05:01:31.607+0000] {taskinstance.py:3280} INFO - 0 downstream tasks scheduled from follow-on schedule check
