[2025-12-02T11:04:52.620+0000] {taskinstance.py:1956} INFO - Dependencies all met for dep_context=non-requeueable deps ti=<TaskInstance: run_databricks_notebook.run_bronze_to_silver manual__2025-12-02T11:04:51.344250+00:00 [queued]>
[2025-12-02T11:04:52.628+0000] {taskinstance.py:1956} INFO - Dependencies all met for dep_context=requeueable deps ti=<TaskInstance: run_databricks_notebook.run_bronze_to_silver manual__2025-12-02T11:04:51.344250+00:00 [queued]>
[2025-12-02T11:04:52.629+0000] {taskinstance.py:2170} INFO - Starting attempt 1 of 1
[2025-12-02T11:04:52.646+0000] {taskinstance.py:2191} INFO - Executing <Task(DatabricksRunNowOperator): run_bronze_to_silver> on 2025-12-02 11:04:51.344250+00:00
[2025-12-02T11:04:52.653+0000] {standard_task_runner.py:60} INFO - Started process 208 to run task
[2025-12-02T11:04:52.656+0000] {standard_task_runner.py:87} INFO - Running: ['***', 'tasks', 'run', 'run_databricks_notebook', 'run_bronze_to_silver', 'manual__2025-12-02T11:04:51.344250+00:00', '--job-id', '7', '--raw', '--subdir', 'DAGS_FOLDER/DatabrickSubmitRunOperator.py', '--cfg-path', '/tmp/tmpgywz9gwi']
[2025-12-02T11:04:52.658+0000] {standard_task_runner.py:88} INFO - Job 7: Subtask run_bronze_to_silver
[2025-12-02T11:04:52.678+0000] {logging_mixin.py:188} WARNING - /home/***/.local/lib/python3.8/site-packages/***/settings.py:194 DeprecationWarning: The sql_alchemy_conn option in [core] has been moved to the sql_alchemy_conn option in [database] - the old setting has been used, but please update your config.
[2025-12-02T11:04:52.721+0000] {task_command.py:423} INFO - Running <TaskInstance: run_databricks_notebook.run_bronze_to_silver manual__2025-12-02T11:04:51.344250+00:00 [running]> on host b64a7db180d7
[2025-12-02T11:04:52.806+0000] {taskinstance.py:2480} INFO - Exporting env vars: AIRFLOW_CTX_DAG_OWNER='***' AIRFLOW_CTX_DAG_ID='run_databricks_notebook' AIRFLOW_CTX_TASK_ID='run_bronze_to_silver' AIRFLOW_CTX_EXECUTION_DATE='2025-12-02T11:04:51.344250+00:00' AIRFLOW_CTX_TRY_NUMBER='1' AIRFLOW_CTX_DAG_RUN_ID='manual__2025-12-02T11:04:51.344250+00:00'
[2025-12-02T11:04:52.815+0000] {base.py:83} INFO - Using connection ID 'databricks_default' for task execution.
[2025-12-02T11:04:54.419+0000] {databricks.py:66} INFO - Run submitted with run_id: 191622307422986
[2025-12-02T11:04:56.541+0000] {databricks.py:128} INFO - run_bronze_to_silver in run state: {'life_cycle_state': 'RUNNING', 'result_state': '', 'state_message': ''}
[2025-12-02T11:04:56.543+0000] {databricks.py:129} INFO - View run status, Spark UI, and logs at https://dbc-3a1e83d0-ab6e.cloud.databricks.com/?o=3304030808221930#job/971761942996822/run/191622307422986
[2025-12-02T11:04:56.543+0000] {databricks.py:130} INFO - Sleeping for 30 seconds.
[2025-12-02T11:05:30.213+0000] {databricks.py:128} INFO - run_bronze_to_silver in run state: {'life_cycle_state': 'RUNNING', 'result_state': '', 'state_message': ''}
[2025-12-02T11:05:30.215+0000] {databricks.py:129} INFO - View run status, Spark UI, and logs at https://dbc-3a1e83d0-ab6e.cloud.databricks.com/?o=3304030808221930#job/971761942996822/run/191622307422986
[2025-12-02T11:05:30.215+0000] {databricks.py:130} INFO - Sleeping for 30 seconds.
[2025-12-02T11:06:03.878+0000] {databricks.py:77} INFO - run_bronze_to_silver completed successfully.
[2025-12-02T11:06:03.879+0000] {databricks.py:78} INFO - View run status, Spark UI, and logs at https://dbc-3a1e83d0-ab6e.cloud.databricks.com/?o=3304030808221930#job/971761942996822/run/191622307422986
[2025-12-02T11:06:03.891+0000] {taskinstance.py:1138} INFO - Marking task as SUCCESS. dag_id=run_databricks_notebook, task_id=run_bronze_to_silver, execution_date=20251202T110451, start_date=20251202T110452, end_date=20251202T110603
[2025-12-02T11:06:03.912+0000] {local_task_job_runner.py:234} INFO - Task exited with return code 0
[2025-12-02T11:06:03.926+0000] {taskinstance.py:3280} INFO - 0 downstream tasks scheduled from follow-on schedule check
