[2025-11-28T07:35:19.874+0000] {processor.py:161} INFO - Started process (PID=169) to work on /opt/airflow/dags/weather_etl_dag.py
[2025-11-28T07:35:19.881+0000] {processor.py:830} INFO - Processing file /opt/airflow/dags/weather_etl_dag.py for tasks to queue
[2025-11-28T07:35:19.885+0000] {logging_mixin.py:188} INFO - [2025-11-28T07:35:19.884+0000] {dagbag.py:538} INFO - Filling up the DagBag from /opt/airflow/dags/weather_etl_dag.py
[2025-11-28T07:35:20.052+0000] {processor.py:840} INFO - DAG(s) 'weather_etl_dag' retrieved from /opt/airflow/dags/weather_etl_dag.py
[2025-11-28T07:35:20.131+0000] {logging_mixin.py:188} INFO - [2025-11-28T07:35:20.131+0000] {dag.py:3036} INFO - Sync 1 DAGs
[2025-11-28T07:35:20.205+0000] {logging_mixin.py:188} INFO - [2025-11-28T07:35:20.205+0000] {dag.py:3823} INFO - Setting next_dagrun for weather_etl_dag to 2025-11-28 00:00:00+00:00, run_after=2025-11-29 00:00:00+00:00
[2025-11-28T07:35:20.233+0000] {processor.py:183} INFO - Processing /opt/airflow/dags/weather_etl_dag.py took 0.377 seconds
[2025-11-28T07:35:50.465+0000] {processor.py:161} INFO - Started process (PID=198) to work on /opt/airflow/dags/weather_etl_dag.py
[2025-11-28T07:35:50.466+0000] {processor.py:830} INFO - Processing file /opt/airflow/dags/weather_etl_dag.py for tasks to queue
[2025-11-28T07:35:50.468+0000] {logging_mixin.py:188} INFO - [2025-11-28T07:35:50.467+0000] {dagbag.py:538} INFO - Filling up the DagBag from /opt/airflow/dags/weather_etl_dag.py
[2025-11-28T07:35:50.511+0000] {processor.py:840} INFO - DAG(s) 'weather_etl_dag' retrieved from /opt/airflow/dags/weather_etl_dag.py
[2025-11-28T07:35:50.728+0000] {logging_mixin.py:188} INFO - [2025-11-28T07:35:50.727+0000] {dag.py:3036} INFO - Sync 1 DAGs
[2025-11-28T07:35:50.750+0000] {logging_mixin.py:188} INFO - [2025-11-28T07:35:50.749+0000] {dag.py:3823} INFO - Setting next_dagrun for weather_etl_dag to 2025-11-28 00:00:00+00:00, run_after=2025-11-29 00:00:00+00:00
[2025-11-28T07:35:50.775+0000] {processor.py:183} INFO - Processing /opt/airflow/dags/weather_etl_dag.py took 0.315 seconds
[2025-11-28T07:36:21.163+0000] {processor.py:161} INFO - Started process (PID=213) to work on /opt/airflow/dags/weather_etl_dag.py
[2025-11-28T07:36:21.164+0000] {processor.py:830} INFO - Processing file /opt/airflow/dags/weather_etl_dag.py for tasks to queue
[2025-11-28T07:36:21.166+0000] {logging_mixin.py:188} INFO - [2025-11-28T07:36:21.165+0000] {dagbag.py:538} INFO - Filling up the DagBag from /opt/airflow/dags/weather_etl_dag.py
[2025-11-28T07:36:21.200+0000] {processor.py:840} INFO - DAG(s) 'weather_etl_dag' retrieved from /opt/airflow/dags/weather_etl_dag.py
[2025-11-28T07:36:21.231+0000] {logging_mixin.py:188} INFO - [2025-11-28T07:36:21.231+0000] {dag.py:3036} INFO - Sync 1 DAGs
[2025-11-28T07:36:21.261+0000] {logging_mixin.py:188} INFO - [2025-11-28T07:36:21.261+0000] {dag.py:3823} INFO - Setting next_dagrun for weather_etl_dag to 2025-11-28 00:00:00+00:00, run_after=2025-11-29 00:00:00+00:00
[2025-11-28T07:36:21.286+0000] {processor.py:183} INFO - Processing /opt/airflow/dags/weather_etl_dag.py took 0.126 seconds
[2025-11-28T07:36:51.617+0000] {processor.py:161} INFO - Started process (PID=228) to work on /opt/airflow/dags/weather_etl_dag.py
[2025-11-28T07:36:51.619+0000] {processor.py:830} INFO - Processing file /opt/airflow/dags/weather_etl_dag.py for tasks to queue
[2025-11-28T07:36:51.620+0000] {logging_mixin.py:188} INFO - [2025-11-28T07:36:51.620+0000] {dagbag.py:538} INFO - Filling up the DagBag from /opt/airflow/dags/weather_etl_dag.py
[2025-11-28T07:36:51.652+0000] {processor.py:840} INFO - DAG(s) 'weather_etl_dag' retrieved from /opt/airflow/dags/weather_etl_dag.py
[2025-11-28T07:36:51.687+0000] {logging_mixin.py:188} INFO - [2025-11-28T07:36:51.686+0000] {dag.py:3036} INFO - Sync 1 DAGs
[2025-11-28T07:36:51.715+0000] {logging_mixin.py:188} INFO - [2025-11-28T07:36:51.714+0000] {dag.py:3823} INFO - Setting next_dagrun for weather_etl_dag to 2025-11-28 00:00:00+00:00, run_after=2025-11-29 00:00:00+00:00
[2025-11-28T07:36:51.738+0000] {processor.py:183} INFO - Processing /opt/airflow/dags/weather_etl_dag.py took 0.126 seconds
[2025-11-28T07:37:21.893+0000] {processor.py:161} INFO - Started process (PID=243) to work on /opt/airflow/dags/weather_etl_dag.py
[2025-11-28T07:37:21.895+0000] {processor.py:830} INFO - Processing file /opt/airflow/dags/weather_etl_dag.py for tasks to queue
[2025-11-28T07:37:21.896+0000] {logging_mixin.py:188} INFO - [2025-11-28T07:37:21.896+0000] {dagbag.py:538} INFO - Filling up the DagBag from /opt/airflow/dags/weather_etl_dag.py
[2025-11-28T07:37:21.940+0000] {processor.py:840} INFO - DAG(s) 'weather_etl_dag' retrieved from /opt/airflow/dags/weather_etl_dag.py
[2025-11-28T07:37:21.991+0000] {logging_mixin.py:188} INFO - [2025-11-28T07:37:21.990+0000] {dag.py:3036} INFO - Sync 1 DAGs
[2025-11-28T07:37:22.033+0000] {logging_mixin.py:188} INFO - [2025-11-28T07:37:22.033+0000] {dag.py:3823} INFO - Setting next_dagrun for weather_etl_dag to 2025-11-28 00:00:00+00:00, run_after=2025-11-29 00:00:00+00:00
[2025-11-28T07:37:22.066+0000] {processor.py:183} INFO - Processing /opt/airflow/dags/weather_etl_dag.py took 0.178 seconds
[2025-11-28T07:37:52.408+0000] {processor.py:161} INFO - Started process (PID=258) to work on /opt/airflow/dags/weather_etl_dag.py
[2025-11-28T07:37:52.409+0000] {processor.py:830} INFO - Processing file /opt/airflow/dags/weather_etl_dag.py for tasks to queue
[2025-11-28T07:37:52.410+0000] {logging_mixin.py:188} INFO - [2025-11-28T07:37:52.410+0000] {dagbag.py:538} INFO - Filling up the DagBag from /opt/airflow/dags/weather_etl_dag.py
[2025-11-28T07:37:52.433+0000] {processor.py:840} INFO - DAG(s) 'weather_etl_dag' retrieved from /opt/airflow/dags/weather_etl_dag.py
[2025-11-28T07:37:52.445+0000] {logging_mixin.py:188} INFO - [2025-11-28T07:37:52.445+0000] {dag.py:3036} INFO - Sync 1 DAGs
[2025-11-28T07:37:52.470+0000] {logging_mixin.py:188} INFO - [2025-11-28T07:37:52.470+0000] {dag.py:3823} INFO - Setting next_dagrun for weather_etl_dag to 2025-11-28 00:00:00+00:00, run_after=2025-11-29 00:00:00+00:00
[2025-11-28T07:37:52.496+0000] {processor.py:183} INFO - Processing /opt/airflow/dags/weather_etl_dag.py took 0.092 seconds
[2025-11-28T07:38:22.844+0000] {processor.py:161} INFO - Started process (PID=273) to work on /opt/airflow/dags/weather_etl_dag.py
[2025-11-28T07:38:22.845+0000] {processor.py:830} INFO - Processing file /opt/airflow/dags/weather_etl_dag.py for tasks to queue
[2025-11-28T07:38:22.847+0000] {logging_mixin.py:188} INFO - [2025-11-28T07:38:22.846+0000] {dagbag.py:538} INFO - Filling up the DagBag from /opt/airflow/dags/weather_etl_dag.py
[2025-11-28T07:38:22.875+0000] {processor.py:840} INFO - DAG(s) 'weather_etl_dag' retrieved from /opt/airflow/dags/weather_etl_dag.py
[2025-11-28T07:38:23.020+0000] {logging_mixin.py:188} INFO - [2025-11-28T07:38:23.020+0000] {dag.py:3036} INFO - Sync 1 DAGs
[2025-11-28T07:38:23.043+0000] {logging_mixin.py:188} INFO - [2025-11-28T07:38:23.043+0000] {dag.py:3823} INFO - Setting next_dagrun for weather_etl_dag to 2025-11-28 00:00:00+00:00, run_after=2025-11-29 00:00:00+00:00
[2025-11-28T07:38:23.064+0000] {processor.py:183} INFO - Processing /opt/airflow/dags/weather_etl_dag.py took 0.226 seconds
[2025-11-28T07:38:53.566+0000] {processor.py:161} INFO - Started process (PID=288) to work on /opt/airflow/dags/weather_etl_dag.py
[2025-11-28T07:38:53.567+0000] {processor.py:830} INFO - Processing file /opt/airflow/dags/weather_etl_dag.py for tasks to queue
[2025-11-28T07:38:53.568+0000] {logging_mixin.py:188} INFO - [2025-11-28T07:38:53.568+0000] {dagbag.py:538} INFO - Filling up the DagBag from /opt/airflow/dags/weather_etl_dag.py
[2025-11-28T07:38:53.597+0000] {processor.py:840} INFO - DAG(s) 'weather_etl_dag' retrieved from /opt/airflow/dags/weather_etl_dag.py
[2025-11-28T07:38:53.635+0000] {logging_mixin.py:188} INFO - [2025-11-28T07:38:53.635+0000] {dag.py:3036} INFO - Sync 1 DAGs
[2025-11-28T07:38:53.662+0000] {logging_mixin.py:188} INFO - [2025-11-28T07:38:53.662+0000] {dag.py:3823} INFO - Setting next_dagrun for weather_etl_dag to 2025-11-28 00:00:00+00:00, run_after=2025-11-29 00:00:00+00:00
[2025-11-28T07:38:53.685+0000] {processor.py:183} INFO - Processing /opt/airflow/dags/weather_etl_dag.py took 0.124 seconds
[2025-11-28T07:39:23.761+0000] {processor.py:161} INFO - Started process (PID=303) to work on /opt/airflow/dags/weather_etl_dag.py
[2025-11-28T07:39:23.763+0000] {processor.py:830} INFO - Processing file /opt/airflow/dags/weather_etl_dag.py for tasks to queue
[2025-11-28T07:39:23.764+0000] {logging_mixin.py:188} INFO - [2025-11-28T07:39:23.764+0000] {dagbag.py:538} INFO - Filling up the DagBag from /opt/airflow/dags/weather_etl_dag.py
[2025-11-28T07:39:23.796+0000] {processor.py:840} INFO - DAG(s) 'weather_etl_dag' retrieved from /opt/airflow/dags/weather_etl_dag.py
[2025-11-28T07:39:23.827+0000] {logging_mixin.py:188} INFO - [2025-11-28T07:39:23.827+0000] {dag.py:3036} INFO - Sync 1 DAGs
[2025-11-28T07:39:23.855+0000] {logging_mixin.py:188} INFO - [2025-11-28T07:39:23.854+0000] {dag.py:3823} INFO - Setting next_dagrun for weather_etl_dag to 2025-11-28 00:00:00+00:00, run_after=2025-11-29 00:00:00+00:00
[2025-11-28T07:39:23.878+0000] {processor.py:183} INFO - Processing /opt/airflow/dags/weather_etl_dag.py took 0.123 seconds
