[2025-11-27T17:57:19.901+0000] {processor.py:161} INFO - Started process (PID=380) to work on /opt/airflow/dags/dynamic_parameterised_dag.py
[2025-11-27T17:57:19.902+0000] {processor.py:830} INFO - Processing file /opt/airflow/dags/dynamic_parameterised_dag.py for tasks to queue
[2025-11-27T17:57:19.903+0000] {logging_mixin.py:188} INFO - [2025-11-27T17:57:19.903+0000] {dagbag.py:538} INFO - Filling up the DagBag from /opt/airflow/dags/dynamic_parameterised_dag.py
[2025-11-27T17:57:19.922+0000] {processor.py:840} INFO - DAG(s) 'dynamic_parameterized_store_etl' retrieved from /opt/airflow/dags/dynamic_parameterised_dag.py
[2025-11-27T17:57:20.047+0000] {logging_mixin.py:188} INFO - [2025-11-27T17:57:20.047+0000] {dag.py:3036} INFO - Sync 1 DAGs
[2025-11-27T17:57:20.057+0000] {logging_mixin.py:188} INFO - [2025-11-27T17:57:20.056+0000] {dag.py:3823} INFO - Setting next_dagrun for dynamic_parameterized_store_etl to None, run_after=None
[2025-11-27T17:57:20.078+0000] {processor.py:183} INFO - Processing /opt/airflow/dags/dynamic_parameterised_dag.py took 0.180 seconds
[2025-11-27T17:57:50.423+0000] {processor.py:161} INFO - Started process (PID=395) to work on /opt/airflow/dags/dynamic_parameterised_dag.py
[2025-11-27T17:57:50.424+0000] {processor.py:830} INFO - Processing file /opt/airflow/dags/dynamic_parameterised_dag.py for tasks to queue
[2025-11-27T17:57:50.425+0000] {logging_mixin.py:188} INFO - [2025-11-27T17:57:50.425+0000] {dagbag.py:538} INFO - Filling up the DagBag from /opt/airflow/dags/dynamic_parameterised_dag.py
[2025-11-27T17:57:50.441+0000] {processor.py:840} INFO - DAG(s) 'dynamic_parameterized_store_etl' retrieved from /opt/airflow/dags/dynamic_parameterised_dag.py
[2025-11-27T17:57:50.483+0000] {logging_mixin.py:188} INFO - [2025-11-27T17:57:50.482+0000] {dag.py:3036} INFO - Sync 1 DAGs
[2025-11-27T17:57:50.495+0000] {logging_mixin.py:188} INFO - [2025-11-27T17:57:50.494+0000] {dag.py:3823} INFO - Setting next_dagrun for dynamic_parameterized_store_etl to None, run_after=None
[2025-11-27T17:57:50.517+0000] {processor.py:183} INFO - Processing /opt/airflow/dags/dynamic_parameterised_dag.py took 0.096 seconds
[2025-11-27T17:58:59.580+0000] {processor.py:161} INFO - Started process (PID=166) to work on /opt/airflow/dags/dynamic_parameterised_dag.py
[2025-11-27T17:58:59.582+0000] {processor.py:830} INFO - Processing file /opt/airflow/dags/dynamic_parameterised_dag.py for tasks to queue
[2025-11-27T17:58:59.583+0000] {logging_mixin.py:188} INFO - [2025-11-27T17:58:59.582+0000] {dagbag.py:538} INFO - Filling up the DagBag from /opt/airflow/dags/dynamic_parameterised_dag.py
[2025-11-27T17:58:59.618+0000] {processor.py:840} INFO - DAG(s) 'dynamic_parameterized_store_etl' retrieved from /opt/airflow/dags/dynamic_parameterised_dag.py
[2025-11-27T17:58:59.652+0000] {logging_mixin.py:188} INFO - [2025-11-27T17:58:59.652+0000] {dag.py:3036} INFO - Sync 1 DAGs
[2025-11-27T17:58:59.669+0000] {logging_mixin.py:188} INFO - [2025-11-27T17:58:59.668+0000] {dag.py:3823} INFO - Setting next_dagrun for dynamic_parameterized_store_etl to None, run_after=None
[2025-11-27T17:58:59.693+0000] {processor.py:183} INFO - Processing /opt/airflow/dags/dynamic_parameterised_dag.py took 0.117 seconds
[2025-11-27T17:59:29.993+0000] {processor.py:161} INFO - Started process (PID=181) to work on /opt/airflow/dags/dynamic_parameterised_dag.py
[2025-11-27T17:59:29.994+0000] {processor.py:830} INFO - Processing file /opt/airflow/dags/dynamic_parameterised_dag.py for tasks to queue
[2025-11-27T17:59:29.996+0000] {logging_mixin.py:188} INFO - [2025-11-27T17:59:29.996+0000] {dagbag.py:538} INFO - Filling up the DagBag from /opt/airflow/dags/dynamic_parameterised_dag.py
[2025-11-27T17:59:30.013+0000] {processor.py:840} INFO - DAG(s) 'dynamic_parameterized_store_etl' retrieved from /opt/airflow/dags/dynamic_parameterised_dag.py
[2025-11-27T17:59:30.229+0000] {logging_mixin.py:188} INFO - [2025-11-27T17:59:30.229+0000] {dag.py:3036} INFO - Sync 1 DAGs
[2025-11-27T17:59:30.242+0000] {logging_mixin.py:188} INFO - [2025-11-27T17:59:30.242+0000] {dag.py:3823} INFO - Setting next_dagrun for dynamic_parameterized_store_etl to None, run_after=None
[2025-11-27T17:59:30.263+0000] {processor.py:183} INFO - Processing /opt/airflow/dags/dynamic_parameterised_dag.py took 0.274 seconds
[2025-11-27T18:00:00.603+0000] {processor.py:161} INFO - Started process (PID=196) to work on /opt/airflow/dags/dynamic_parameterised_dag.py
[2025-11-27T18:00:00.604+0000] {processor.py:830} INFO - Processing file /opt/airflow/dags/dynamic_parameterised_dag.py for tasks to queue
[2025-11-27T18:00:00.605+0000] {logging_mixin.py:188} INFO - [2025-11-27T18:00:00.604+0000] {dagbag.py:538} INFO - Filling up the DagBag from /opt/airflow/dags/dynamic_parameterised_dag.py
[2025-11-27T18:00:00.622+0000] {processor.py:840} INFO - DAG(s) 'dynamic_parameterized_store_etl' retrieved from /opt/airflow/dags/dynamic_parameterised_dag.py
[2025-11-27T18:00:00.657+0000] {logging_mixin.py:188} INFO - [2025-11-27T18:00:00.657+0000] {dag.py:3036} INFO - Sync 1 DAGs
[2025-11-27T18:00:00.669+0000] {logging_mixin.py:188} INFO - [2025-11-27T18:00:00.669+0000] {dag.py:3823} INFO - Setting next_dagrun for dynamic_parameterized_store_etl to None, run_after=None
[2025-11-27T18:00:00.693+0000] {processor.py:183} INFO - Processing /opt/airflow/dags/dynamic_parameterised_dag.py took 0.094 seconds
[2025-11-27T18:00:31.031+0000] {processor.py:161} INFO - Started process (PID=211) to work on /opt/airflow/dags/dynamic_parameterised_dag.py
[2025-11-27T18:00:31.032+0000] {processor.py:830} INFO - Processing file /opt/airflow/dags/dynamic_parameterised_dag.py for tasks to queue
[2025-11-27T18:00:31.034+0000] {logging_mixin.py:188} INFO - [2025-11-27T18:00:31.033+0000] {dagbag.py:538} INFO - Filling up the DagBag from /opt/airflow/dags/dynamic_parameterised_dag.py
[2025-11-27T18:00:31.056+0000] {processor.py:840} INFO - DAG(s) 'dynamic_parameterized_store_etl' retrieved from /opt/airflow/dags/dynamic_parameterised_dag.py
[2025-11-27T18:00:31.092+0000] {logging_mixin.py:188} INFO - [2025-11-27T18:00:31.092+0000] {dag.py:3036} INFO - Sync 1 DAGs
[2025-11-27T18:00:31.106+0000] {logging_mixin.py:188} INFO - [2025-11-27T18:00:31.105+0000] {dag.py:3823} INFO - Setting next_dagrun for dynamic_parameterized_store_etl to None, run_after=None
[2025-11-27T18:00:31.135+0000] {processor.py:183} INFO - Processing /opt/airflow/dags/dynamic_parameterised_dag.py took 0.108 seconds
[2025-11-27T18:00:53.349+0000] {processor.py:161} INFO - Started process (PID=226) to work on /opt/airflow/dags/dynamic_parameterised_dag.py
[2025-11-27T18:00:53.350+0000] {processor.py:830} INFO - Processing file /opt/airflow/dags/dynamic_parameterised_dag.py for tasks to queue
[2025-11-27T18:00:53.351+0000] {logging_mixin.py:188} INFO - [2025-11-27T18:00:53.351+0000] {dagbag.py:538} INFO - Filling up the DagBag from /opt/airflow/dags/dynamic_parameterised_dag.py
[2025-11-27T18:00:53.383+0000] {processor.py:840} INFO - DAG(s) 'dynamic_parameterized_store_etl' retrieved from /opt/airflow/dags/dynamic_parameterised_dag.py
[2025-11-27T18:00:53.487+0000] {logging_mixin.py:188} INFO - [2025-11-27T18:00:53.487+0000] {dag.py:3036} INFO - Sync 1 DAGs
[2025-11-27T18:00:53.495+0000] {logging_mixin.py:188} INFO - [2025-11-27T18:00:53.495+0000] {dag.py:3823} INFO - Setting next_dagrun for dynamic_parameterized_store_etl to None, run_after=None
[2025-11-27T18:00:53.521+0000] {processor.py:183} INFO - Processing /opt/airflow/dags/dynamic_parameterised_dag.py took 0.175 seconds
[2025-11-27T18:01:23.802+0000] {processor.py:161} INFO - Started process (PID=241) to work on /opt/airflow/dags/dynamic_parameterised_dag.py
[2025-11-27T18:01:23.803+0000] {processor.py:830} INFO - Processing file /opt/airflow/dags/dynamic_parameterised_dag.py for tasks to queue
[2025-11-27T18:01:23.804+0000] {logging_mixin.py:188} INFO - [2025-11-27T18:01:23.804+0000] {dagbag.py:538} INFO - Filling up the DagBag from /opt/airflow/dags/dynamic_parameterised_dag.py
[2025-11-27T18:01:23.819+0000] {processor.py:840} INFO - DAG(s) 'dynamic_parameterized_store_etl' retrieved from /opt/airflow/dags/dynamic_parameterised_dag.py
[2025-11-27T18:01:23.853+0000] {logging_mixin.py:188} INFO - [2025-11-27T18:01:23.852+0000] {dag.py:3036} INFO - Sync 1 DAGs
[2025-11-27T18:01:23.865+0000] {logging_mixin.py:188} INFO - [2025-11-27T18:01:23.864+0000] {dag.py:3823} INFO - Setting next_dagrun for dynamic_parameterized_store_etl to None, run_after=None
[2025-11-27T18:01:23.889+0000] {processor.py:183} INFO - Processing /opt/airflow/dags/dynamic_parameterised_dag.py took 0.089 seconds
[2025-11-27T18:01:54.079+0000] {processor.py:161} INFO - Started process (PID=256) to work on /opt/airflow/dags/dynamic_parameterised_dag.py
[2025-11-27T18:01:54.080+0000] {processor.py:830} INFO - Processing file /opt/airflow/dags/dynamic_parameterised_dag.py for tasks to queue
[2025-11-27T18:01:54.081+0000] {logging_mixin.py:188} INFO - [2025-11-27T18:01:54.081+0000] {dagbag.py:538} INFO - Filling up the DagBag from /opt/airflow/dags/dynamic_parameterised_dag.py
[2025-11-27T18:01:54.104+0000] {processor.py:840} INFO - DAG(s) 'dynamic_parameterized_store_etl' retrieved from /opt/airflow/dags/dynamic_parameterised_dag.py
[2025-11-27T18:01:54.139+0000] {logging_mixin.py:188} INFO - [2025-11-27T18:01:54.139+0000] {dag.py:3036} INFO - Sync 1 DAGs
[2025-11-27T18:01:54.155+0000] {logging_mixin.py:188} INFO - [2025-11-27T18:01:54.155+0000] {dag.py:3823} INFO - Setting next_dagrun for dynamic_parameterized_store_etl to None, run_after=None
[2025-11-27T18:01:54.184+0000] {processor.py:183} INFO - Processing /opt/airflow/dags/dynamic_parameterised_dag.py took 0.107 seconds
[2025-11-27T18:02:13.379+0000] {processor.py:161} INFO - Started process (PID=271) to work on /opt/airflow/dags/dynamic_parameterised_dag.py
[2025-11-27T18:02:13.380+0000] {processor.py:830} INFO - Processing file /opt/airflow/dags/dynamic_parameterised_dag.py for tasks to queue
[2025-11-27T18:02:13.381+0000] {logging_mixin.py:188} INFO - [2025-11-27T18:02:13.381+0000] {dagbag.py:538} INFO - Filling up the DagBag from /opt/airflow/dags/dynamic_parameterised_dag.py
[2025-11-27T18:02:13.411+0000] {processor.py:840} INFO - DAG(s) 'dynamic_parameterized_store_etl' retrieved from /opt/airflow/dags/dynamic_parameterised_dag.py
[2025-11-27T18:02:13.511+0000] {logging_mixin.py:188} INFO - [2025-11-27T18:02:13.511+0000] {dag.py:3036} INFO - Sync 1 DAGs
[2025-11-27T18:02:13.524+0000] {logging_mixin.py:188} INFO - [2025-11-27T18:02:13.524+0000] {dag.py:3823} INFO - Setting next_dagrun for dynamic_parameterized_store_etl to None, run_after=None
[2025-11-27T18:02:13.548+0000] {processor.py:183} INFO - Processing /opt/airflow/dags/dynamic_parameterised_dag.py took 0.172 seconds
[2025-11-27T18:02:43.911+0000] {processor.py:161} INFO - Started process (PID=286) to work on /opt/airflow/dags/dynamic_parameterised_dag.py
[2025-11-27T18:02:43.912+0000] {processor.py:830} INFO - Processing file /opt/airflow/dags/dynamic_parameterised_dag.py for tasks to queue
[2025-11-27T18:02:43.913+0000] {logging_mixin.py:188} INFO - [2025-11-27T18:02:43.913+0000] {dagbag.py:538} INFO - Filling up the DagBag from /opt/airflow/dags/dynamic_parameterised_dag.py
[2025-11-27T18:02:43.928+0000] {processor.py:840} INFO - DAG(s) 'dynamic_parameterized_store_etl' retrieved from /opt/airflow/dags/dynamic_parameterised_dag.py
[2025-11-27T18:02:43.963+0000] {logging_mixin.py:188} INFO - [2025-11-27T18:02:43.963+0000] {dag.py:3036} INFO - Sync 1 DAGs
[2025-11-27T18:02:43.973+0000] {logging_mixin.py:188} INFO - [2025-11-27T18:02:43.973+0000] {dag.py:3823} INFO - Setting next_dagrun for dynamic_parameterized_store_etl to None, run_after=None
[2025-11-27T18:02:43.995+0000] {processor.py:183} INFO - Processing /opt/airflow/dags/dynamic_parameterised_dag.py took 0.087 seconds
[2025-11-27T18:02:49.985+0000] {processor.py:161} INFO - Started process (PID=291) to work on /opt/airflow/dags/dynamic_parameterised_dag.py
[2025-11-27T18:02:49.986+0000] {processor.py:830} INFO - Processing file /opt/airflow/dags/dynamic_parameterised_dag.py for tasks to queue
[2025-11-27T18:02:49.987+0000] {logging_mixin.py:188} INFO - [2025-11-27T18:02:49.987+0000] {dagbag.py:538} INFO - Filling up the DagBag from /opt/airflow/dags/dynamic_parameterised_dag.py
[2025-11-27T18:02:50.011+0000] {processor.py:840} INFO - DAG(s) 'dynamic_parameterized_store_etl' retrieved from /opt/airflow/dags/dynamic_parameterised_dag.py
[2025-11-27T18:02:50.063+0000] {logging_mixin.py:188} INFO - [2025-11-27T18:02:50.062+0000] {dag.py:3036} INFO - Sync 1 DAGs
[2025-11-27T18:02:50.081+0000] {logging_mixin.py:188} INFO - [2025-11-27T18:02:50.080+0000] {dag.py:3823} INFO - Setting next_dagrun for dynamic_parameterized_store_etl to None, run_after=None
[2025-11-27T18:02:50.116+0000] {processor.py:183} INFO - Processing /opt/airflow/dags/dynamic_parameterised_dag.py took 0.133 seconds
[2025-11-27T18:03:20.366+0000] {processor.py:161} INFO - Started process (PID=306) to work on /opt/airflow/dags/dynamic_parameterised_dag.py
[2025-11-27T18:03:20.367+0000] {processor.py:830} INFO - Processing file /opt/airflow/dags/dynamic_parameterised_dag.py for tasks to queue
[2025-11-27T18:03:20.367+0000] {logging_mixin.py:188} INFO - [2025-11-27T18:03:20.367+0000] {dagbag.py:538} INFO - Filling up the DagBag from /opt/airflow/dags/dynamic_parameterised_dag.py
[2025-11-27T18:03:20.382+0000] {processor.py:840} INFO - DAG(s) 'dynamic_parameterized_store_etl' retrieved from /opt/airflow/dags/dynamic_parameterised_dag.py
[2025-11-27T18:03:20.414+0000] {logging_mixin.py:188} INFO - [2025-11-27T18:03:20.413+0000] {dag.py:3036} INFO - Sync 1 DAGs
[2025-11-27T18:03:20.423+0000] {logging_mixin.py:188} INFO - [2025-11-27T18:03:20.423+0000] {dag.py:3823} INFO - Setting next_dagrun for dynamic_parameterized_store_etl to None, run_after=None
[2025-11-27T18:03:20.446+0000] {processor.py:183} INFO - Processing /opt/airflow/dags/dynamic_parameterised_dag.py took 0.083 seconds
[2025-11-27T18:03:50.629+0000] {processor.py:161} INFO - Started process (PID=321) to work on /opt/airflow/dags/dynamic_parameterised_dag.py
[2025-11-27T18:03:50.631+0000] {processor.py:830} INFO - Processing file /opt/airflow/dags/dynamic_parameterised_dag.py for tasks to queue
[2025-11-27T18:03:50.632+0000] {logging_mixin.py:188} INFO - [2025-11-27T18:03:50.631+0000] {dagbag.py:538} INFO - Filling up the DagBag from /opt/airflow/dags/dynamic_parameterised_dag.py
[2025-11-27T18:03:50.647+0000] {processor.py:840} INFO - DAG(s) 'dynamic_parameterized_store_etl' retrieved from /opt/airflow/dags/dynamic_parameterised_dag.py
[2025-11-27T18:03:50.683+0000] {logging_mixin.py:188} INFO - [2025-11-27T18:03:50.683+0000] {dag.py:3036} INFO - Sync 1 DAGs
[2025-11-27T18:03:50.695+0000] {logging_mixin.py:188} INFO - [2025-11-27T18:03:50.695+0000] {dag.py:3823} INFO - Setting next_dagrun for dynamic_parameterized_store_etl to None, run_after=None
[2025-11-27T18:03:50.715+0000] {processor.py:183} INFO - Processing /opt/airflow/dags/dynamic_parameterised_dag.py took 0.091 seconds
[2025-11-27T18:04:21.154+0000] {processor.py:161} INFO - Started process (PID=342) to work on /opt/airflow/dags/dynamic_parameterised_dag.py
[2025-11-27T18:04:21.155+0000] {processor.py:830} INFO - Processing file /opt/airflow/dags/dynamic_parameterised_dag.py for tasks to queue
[2025-11-27T18:04:21.156+0000] {logging_mixin.py:188} INFO - [2025-11-27T18:04:21.156+0000] {dagbag.py:538} INFO - Filling up the DagBag from /opt/airflow/dags/dynamic_parameterised_dag.py
[2025-11-27T18:04:21.172+0000] {processor.py:840} INFO - DAG(s) 'dynamic_parameterized_store_etl' retrieved from /opt/airflow/dags/dynamic_parameterised_dag.py
[2025-11-27T18:04:21.205+0000] {logging_mixin.py:188} INFO - [2025-11-27T18:04:21.205+0000] {dag.py:3036} INFO - Sync 1 DAGs
[2025-11-27T18:04:21.217+0000] {logging_mixin.py:188} INFO - [2025-11-27T18:04:21.217+0000] {dag.py:3823} INFO - Setting next_dagrun for dynamic_parameterized_store_etl to None, run_after=None
[2025-11-27T18:04:21.240+0000] {processor.py:183} INFO - Processing /opt/airflow/dags/dynamic_parameterised_dag.py took 0.089 seconds
[2025-11-27T18:04:51.510+0000] {processor.py:161} INFO - Started process (PID=357) to work on /opt/airflow/dags/dynamic_parameterised_dag.py
[2025-11-27T18:04:51.511+0000] {processor.py:830} INFO - Processing file /opt/airflow/dags/dynamic_parameterised_dag.py for tasks to queue
[2025-11-27T18:04:51.512+0000] {logging_mixin.py:188} INFO - [2025-11-27T18:04:51.512+0000] {dagbag.py:538} INFO - Filling up the DagBag from /opt/airflow/dags/dynamic_parameterised_dag.py
[2025-11-27T18:04:51.527+0000] {processor.py:840} INFO - DAG(s) 'dynamic_parameterized_store_etl' retrieved from /opt/airflow/dags/dynamic_parameterised_dag.py
[2025-11-27T18:04:51.561+0000] {logging_mixin.py:188} INFO - [2025-11-27T18:04:51.561+0000] {dag.py:3036} INFO - Sync 1 DAGs
[2025-11-27T18:04:51.571+0000] {logging_mixin.py:188} INFO - [2025-11-27T18:04:51.571+0000] {dag.py:3823} INFO - Setting next_dagrun for dynamic_parameterized_store_etl to None, run_after=None
[2025-11-27T18:04:51.593+0000] {processor.py:183} INFO - Processing /opt/airflow/dags/dynamic_parameterised_dag.py took 0.087 seconds
[2025-11-27T18:05:21.876+0000] {processor.py:161} INFO - Started process (PID=378) to work on /opt/airflow/dags/dynamic_parameterised_dag.py
[2025-11-27T18:05:21.878+0000] {processor.py:830} INFO - Processing file /opt/airflow/dags/dynamic_parameterised_dag.py for tasks to queue
[2025-11-27T18:05:21.879+0000] {logging_mixin.py:188} INFO - [2025-11-27T18:05:21.879+0000] {dagbag.py:538} INFO - Filling up the DagBag from /opt/airflow/dags/dynamic_parameterised_dag.py
[2025-11-27T18:05:21.913+0000] {processor.py:840} INFO - DAG(s) 'dynamic_parameterized_store_etl' retrieved from /opt/airflow/dags/dynamic_parameterised_dag.py
[2025-11-27T18:05:21.965+0000] {logging_mixin.py:188} INFO - [2025-11-27T18:05:21.964+0000] {dag.py:3036} INFO - Sync 1 DAGs
[2025-11-27T18:05:21.979+0000] {logging_mixin.py:188} INFO - [2025-11-27T18:05:21.979+0000] {dag.py:3823} INFO - Setting next_dagrun for dynamic_parameterized_store_etl to None, run_after=None
[2025-11-27T18:05:22.005+0000] {processor.py:183} INFO - Processing /opt/airflow/dags/dynamic_parameterised_dag.py took 0.133 seconds
[2025-11-27T18:05:52.948+0000] {processor.py:161} INFO - Started process (PID=393) to work on /opt/airflow/dags/dynamic_parameterised_dag.py
[2025-11-27T18:05:52.949+0000] {processor.py:830} INFO - Processing file /opt/airflow/dags/dynamic_parameterised_dag.py for tasks to queue
[2025-11-27T18:05:52.950+0000] {logging_mixin.py:188} INFO - [2025-11-27T18:05:52.950+0000] {dagbag.py:538} INFO - Filling up the DagBag from /opt/airflow/dags/dynamic_parameterised_dag.py
[2025-11-27T18:05:52.970+0000] {processor.py:840} INFO - DAG(s) 'dynamic_parameterized_store_etl' retrieved from /opt/airflow/dags/dynamic_parameterised_dag.py
[2025-11-27T18:05:53.011+0000] {logging_mixin.py:188} INFO - [2025-11-27T18:05:53.011+0000] {dag.py:3036} INFO - Sync 1 DAGs
[2025-11-27T18:05:53.023+0000] {logging_mixin.py:188} INFO - [2025-11-27T18:05:53.023+0000] {dag.py:3823} INFO - Setting next_dagrun for dynamic_parameterized_store_etl to None, run_after=None
[2025-11-27T18:05:53.042+0000] {processor.py:183} INFO - Processing /opt/airflow/dags/dynamic_parameterised_dag.py took 0.097 seconds
[2025-11-27T18:06:23.479+0000] {processor.py:161} INFO - Started process (PID=408) to work on /opt/airflow/dags/dynamic_parameterised_dag.py
[2025-11-27T18:06:23.480+0000] {processor.py:830} INFO - Processing file /opt/airflow/dags/dynamic_parameterised_dag.py for tasks to queue
[2025-11-27T18:06:23.481+0000] {logging_mixin.py:188} INFO - [2025-11-27T18:06:23.481+0000] {dagbag.py:538} INFO - Filling up the DagBag from /opt/airflow/dags/dynamic_parameterised_dag.py
[2025-11-27T18:06:23.506+0000] {processor.py:840} INFO - DAG(s) 'dynamic_parameterized_store_etl' retrieved from /opt/airflow/dags/dynamic_parameterised_dag.py
[2025-11-27T18:06:23.579+0000] {logging_mixin.py:188} INFO - [2025-11-27T18:06:23.578+0000] {dag.py:3036} INFO - Sync 1 DAGs
[2025-11-27T18:06:23.597+0000] {logging_mixin.py:188} INFO - [2025-11-27T18:06:23.596+0000] {dag.py:3823} INFO - Setting next_dagrun for dynamic_parameterized_store_etl to None, run_after=None
[2025-11-27T18:06:23.628+0000] {processor.py:183} INFO - Processing /opt/airflow/dags/dynamic_parameterised_dag.py took 0.153 seconds
[2025-11-27T18:06:54.327+0000] {processor.py:161} INFO - Started process (PID=423) to work on /opt/airflow/dags/dynamic_parameterised_dag.py
[2025-11-27T18:06:54.328+0000] {processor.py:830} INFO - Processing file /opt/airflow/dags/dynamic_parameterised_dag.py for tasks to queue
[2025-11-27T18:06:54.329+0000] {logging_mixin.py:188} INFO - [2025-11-27T18:06:54.329+0000] {dagbag.py:538} INFO - Filling up the DagBag from /opt/airflow/dags/dynamic_parameterised_dag.py
[2025-11-27T18:06:54.343+0000] {processor.py:840} INFO - DAG(s) 'dynamic_parameterized_store_etl' retrieved from /opt/airflow/dags/dynamic_parameterised_dag.py
[2025-11-27T18:06:54.377+0000] {logging_mixin.py:188} INFO - [2025-11-27T18:06:54.376+0000] {dag.py:3036} INFO - Sync 1 DAGs
[2025-11-27T18:06:54.388+0000] {logging_mixin.py:188} INFO - [2025-11-27T18:06:54.388+0000] {dag.py:3823} INFO - Setting next_dagrun for dynamic_parameterized_store_etl to None, run_after=None
[2025-11-27T18:06:54.411+0000] {processor.py:183} INFO - Processing /opt/airflow/dags/dynamic_parameterised_dag.py took 0.086 seconds
[2025-11-27T18:07:25.042+0000] {processor.py:161} INFO - Started process (PID=438) to work on /opt/airflow/dags/dynamic_parameterised_dag.py
[2025-11-27T18:07:25.043+0000] {processor.py:830} INFO - Processing file /opt/airflow/dags/dynamic_parameterised_dag.py for tasks to queue
[2025-11-27T18:07:25.044+0000] {logging_mixin.py:188} INFO - [2025-11-27T18:07:25.044+0000] {dagbag.py:538} INFO - Filling up the DagBag from /opt/airflow/dags/dynamic_parameterised_dag.py
[2025-11-27T18:07:25.058+0000] {processor.py:840} INFO - DAG(s) 'dynamic_parameterized_store_etl' retrieved from /opt/airflow/dags/dynamic_parameterised_dag.py
[2025-11-27T18:07:25.093+0000] {logging_mixin.py:188} INFO - [2025-11-27T18:07:25.093+0000] {dag.py:3036} INFO - Sync 1 DAGs
[2025-11-27T18:07:25.103+0000] {logging_mixin.py:188} INFO - [2025-11-27T18:07:25.103+0000] {dag.py:3823} INFO - Setting next_dagrun for dynamic_parameterized_store_etl to None, run_after=None
[2025-11-27T18:07:25.127+0000] {processor.py:183} INFO - Processing /opt/airflow/dags/dynamic_parameterised_dag.py took 0.087 seconds
[2025-11-27T18:07:55.887+0000] {processor.py:161} INFO - Started process (PID=453) to work on /opt/airflow/dags/dynamic_parameterised_dag.py
[2025-11-27T18:07:55.888+0000] {processor.py:830} INFO - Processing file /opt/airflow/dags/dynamic_parameterised_dag.py for tasks to queue
[2025-11-27T18:07:55.889+0000] {logging_mixin.py:188} INFO - [2025-11-27T18:07:55.889+0000] {dagbag.py:538} INFO - Filling up the DagBag from /opt/airflow/dags/dynamic_parameterised_dag.py
[2025-11-27T18:07:55.921+0000] {processor.py:840} INFO - DAG(s) 'dynamic_parameterized_store_etl' retrieved from /opt/airflow/dags/dynamic_parameterised_dag.py
[2025-11-27T18:07:55.960+0000] {logging_mixin.py:188} INFO - [2025-11-27T18:07:55.960+0000] {dag.py:3036} INFO - Sync 1 DAGs
[2025-11-27T18:07:55.971+0000] {logging_mixin.py:188} INFO - [2025-11-27T18:07:55.971+0000] {dag.py:3823} INFO - Setting next_dagrun for dynamic_parameterized_store_etl to None, run_after=None
[2025-11-27T18:07:55.996+0000] {processor.py:183} INFO - Processing /opt/airflow/dags/dynamic_parameterised_dag.py took 0.113 seconds
[2025-11-27T18:08:26.063+0000] {processor.py:161} INFO - Started process (PID=468) to work on /opt/airflow/dags/dynamic_parameterised_dag.py
[2025-11-27T18:08:26.065+0000] {processor.py:830} INFO - Processing file /opt/airflow/dags/dynamic_parameterised_dag.py for tasks to queue
[2025-11-27T18:08:26.066+0000] {logging_mixin.py:188} INFO - [2025-11-27T18:08:26.066+0000] {dagbag.py:538} INFO - Filling up the DagBag from /opt/airflow/dags/dynamic_parameterised_dag.py
[2025-11-27T18:08:26.091+0000] {processor.py:840} INFO - DAG(s) 'dynamic_parameterized_store_etl' retrieved from /opt/airflow/dags/dynamic_parameterised_dag.py
[2025-11-27T18:08:26.129+0000] {logging_mixin.py:188} INFO - [2025-11-27T18:08:26.129+0000] {dag.py:3036} INFO - Sync 1 DAGs
[2025-11-27T18:08:26.140+0000] {logging_mixin.py:188} INFO - [2025-11-27T18:08:26.140+0000] {dag.py:3823} INFO - Setting next_dagrun for dynamic_parameterized_store_etl to None, run_after=None
[2025-11-27T18:08:26.160+0000] {processor.py:183} INFO - Processing /opt/airflow/dags/dynamic_parameterised_dag.py took 0.101 seconds
[2025-11-27T18:08:56.980+0000] {processor.py:161} INFO - Started process (PID=483) to work on /opt/airflow/dags/dynamic_parameterised_dag.py
[2025-11-27T18:08:56.982+0000] {processor.py:830} INFO - Processing file /opt/airflow/dags/dynamic_parameterised_dag.py for tasks to queue
[2025-11-27T18:08:56.984+0000] {logging_mixin.py:188} INFO - [2025-11-27T18:08:56.983+0000] {dagbag.py:538} INFO - Filling up the DagBag from /opt/airflow/dags/dynamic_parameterised_dag.py
[2025-11-27T18:08:57.011+0000] {processor.py:840} INFO - DAG(s) 'dynamic_parameterized_store_etl' retrieved from /opt/airflow/dags/dynamic_parameterised_dag.py
[2025-11-27T18:08:57.057+0000] {logging_mixin.py:188} INFO - [2025-11-27T18:08:57.057+0000] {dag.py:3036} INFO - Sync 1 DAGs
[2025-11-27T18:08:57.071+0000] {logging_mixin.py:188} INFO - [2025-11-27T18:08:57.071+0000] {dag.py:3823} INFO - Setting next_dagrun for dynamic_parameterized_store_etl to None, run_after=None
[2025-11-27T18:08:57.098+0000] {processor.py:183} INFO - Processing /opt/airflow/dags/dynamic_parameterised_dag.py took 0.122 seconds
[2025-11-27T18:09:27.781+0000] {processor.py:161} INFO - Started process (PID=498) to work on /opt/airflow/dags/dynamic_parameterised_dag.py
[2025-11-27T18:09:27.782+0000] {processor.py:830} INFO - Processing file /opt/airflow/dags/dynamic_parameterised_dag.py for tasks to queue
[2025-11-27T18:09:27.783+0000] {logging_mixin.py:188} INFO - [2025-11-27T18:09:27.783+0000] {dagbag.py:538} INFO - Filling up the DagBag from /opt/airflow/dags/dynamic_parameterised_dag.py
[2025-11-27T18:09:27.800+0000] {processor.py:840} INFO - DAG(s) 'dynamic_parameterized_store_etl' retrieved from /opt/airflow/dags/dynamic_parameterised_dag.py
[2025-11-27T18:09:27.833+0000] {logging_mixin.py:188} INFO - [2025-11-27T18:09:27.832+0000] {dag.py:3036} INFO - Sync 1 DAGs
[2025-11-27T18:09:27.843+0000] {logging_mixin.py:188} INFO - [2025-11-27T18:09:27.843+0000] {dag.py:3823} INFO - Setting next_dagrun for dynamic_parameterized_store_etl to None, run_after=None
[2025-11-27T18:09:27.867+0000] {processor.py:183} INFO - Processing /opt/airflow/dags/dynamic_parameterised_dag.py took 0.089 seconds
[2025-11-27T18:09:58.217+0000] {processor.py:161} INFO - Started process (PID=513) to work on /opt/airflow/dags/dynamic_parameterised_dag.py
[2025-11-27T18:09:58.219+0000] {processor.py:830} INFO - Processing file /opt/airflow/dags/dynamic_parameterised_dag.py for tasks to queue
[2025-11-27T18:09:58.220+0000] {logging_mixin.py:188} INFO - [2025-11-27T18:09:58.220+0000] {dagbag.py:538} INFO - Filling up the DagBag from /opt/airflow/dags/dynamic_parameterised_dag.py
[2025-11-27T18:09:58.237+0000] {processor.py:840} INFO - DAG(s) 'dynamic_parameterized_store_etl' retrieved from /opt/airflow/dags/dynamic_parameterised_dag.py
[2025-11-27T18:09:58.272+0000] {logging_mixin.py:188} INFO - [2025-11-27T18:09:58.272+0000] {dag.py:3036} INFO - Sync 1 DAGs
[2025-11-27T18:09:58.281+0000] {logging_mixin.py:188} INFO - [2025-11-27T18:09:58.281+0000] {dag.py:3823} INFO - Setting next_dagrun for dynamic_parameterized_store_etl to None, run_after=None
[2025-11-27T18:09:58.299+0000] {processor.py:183} INFO - Processing /opt/airflow/dags/dynamic_parameterised_dag.py took 0.085 seconds
