[2025-11-27T17:30:14.448+0000] {processor.py:161} INFO - Started process (PID=328) to work on /opt/airflow/dags/weather_etl_dag.py
[2025-11-27T17:30:14.452+0000] {processor.py:830} INFO - Processing file /opt/airflow/dags/weather_etl_dag.py for tasks to queue
[2025-11-27T17:30:14.453+0000] {logging_mixin.py:188} INFO - [2025-11-27T17:30:14.453+0000] {dagbag.py:538} INFO - Filling up the DagBag from /opt/airflow/dags/weather_etl_dag.py
[2025-11-27T17:30:14.489+0000] {processor.py:840} INFO - DAG(s) 'weather_etl_dag' retrieved from /opt/airflow/dags/weather_etl_dag.py
[2025-11-27T17:30:14.581+0000] {logging_mixin.py:188} INFO - [2025-11-27T17:30:14.581+0000] {override.py:1769} INFO - Created Permission View: can delete on DAG:weather_etl_dag
[2025-11-27T17:30:14.591+0000] {logging_mixin.py:188} INFO - [2025-11-27T17:30:14.591+0000] {override.py:1769} INFO - Created Permission View: can read on DAG:weather_etl_dag
[2025-11-27T17:30:14.599+0000] {logging_mixin.py:188} INFO - [2025-11-27T17:30:14.599+0000] {override.py:1769} INFO - Created Permission View: can edit on DAG:weather_etl_dag
[2025-11-27T17:30:14.600+0000] {logging_mixin.py:188} INFO - [2025-11-27T17:30:14.600+0000] {dag.py:3036} INFO - Sync 1 DAGs
[2025-11-27T17:30:14.611+0000] {logging_mixin.py:188} INFO - [2025-11-27T17:30:14.611+0000] {dag.py:3058} INFO - Creating ORM DAG for weather_etl_dag
[2025-11-27T17:30:14.638+0000] {logging_mixin.py:188} INFO - [2025-11-27T17:30:14.638+0000] {dag.py:3823} INFO - Setting next_dagrun for weather_etl_dag to 2025-11-26 00:00:00+00:00, run_after=2025-11-27 00:00:00+00:00
[2025-11-27T17:30:14.669+0000] {processor.py:183} INFO - Processing /opt/airflow/dags/weather_etl_dag.py took 0.225 seconds
[2025-11-27T17:30:44.808+0000] {processor.py:161} INFO - Started process (PID=338) to work on /opt/airflow/dags/weather_etl_dag.py
[2025-11-27T17:30:44.809+0000] {processor.py:830} INFO - Processing file /opt/airflow/dags/weather_etl_dag.py for tasks to queue
[2025-11-27T17:30:44.810+0000] {logging_mixin.py:188} INFO - [2025-11-27T17:30:44.810+0000] {dagbag.py:538} INFO - Filling up the DagBag from /opt/airflow/dags/weather_etl_dag.py
[2025-11-27T17:30:44.833+0000] {processor.py:840} INFO - DAG(s) 'weather_etl_dag' retrieved from /opt/airflow/dags/weather_etl_dag.py
[2025-11-27T17:30:44.868+0000] {logging_mixin.py:188} INFO - [2025-11-27T17:30:44.868+0000] {dag.py:3036} INFO - Sync 1 DAGs
[2025-11-27T17:30:44.888+0000] {logging_mixin.py:188} INFO - [2025-11-27T17:30:44.888+0000] {dag.py:3823} INFO - Setting next_dagrun for weather_etl_dag to 2025-11-26 00:00:00+00:00, run_after=2025-11-27 00:00:00+00:00
[2025-11-27T17:30:44.911+0000] {processor.py:183} INFO - Processing /opt/airflow/dags/weather_etl_dag.py took 0.107 seconds
[2025-11-27T17:31:15.211+0000] {processor.py:161} INFO - Started process (PID=348) to work on /opt/airflow/dags/weather_etl_dag.py
[2025-11-27T17:31:15.212+0000] {processor.py:830} INFO - Processing file /opt/airflow/dags/weather_etl_dag.py for tasks to queue
[2025-11-27T17:31:15.213+0000] {logging_mixin.py:188} INFO - [2025-11-27T17:31:15.213+0000] {dagbag.py:538} INFO - Filling up the DagBag from /opt/airflow/dags/weather_etl_dag.py
[2025-11-27T17:31:15.236+0000] {processor.py:840} INFO - DAG(s) 'weather_etl_dag' retrieved from /opt/airflow/dags/weather_etl_dag.py
[2025-11-27T17:31:15.259+0000] {logging_mixin.py:188} INFO - [2025-11-27T17:31:15.259+0000] {dag.py:3036} INFO - Sync 1 DAGs
[2025-11-27T17:31:15.279+0000] {logging_mixin.py:188} INFO - [2025-11-27T17:31:15.279+0000] {dag.py:3823} INFO - Setting next_dagrun for weather_etl_dag to 2025-11-26 00:00:00+00:00, run_after=2025-11-27 00:00:00+00:00
[2025-11-27T17:31:15.302+0000] {processor.py:183} INFO - Processing /opt/airflow/dags/weather_etl_dag.py took 0.094 seconds
[2025-11-27T17:31:45.525+0000] {processor.py:161} INFO - Started process (PID=358) to work on /opt/airflow/dags/weather_etl_dag.py
[2025-11-27T17:31:45.526+0000] {processor.py:830} INFO - Processing file /opt/airflow/dags/weather_etl_dag.py for tasks to queue
[2025-11-27T17:31:45.527+0000] {logging_mixin.py:188} INFO - [2025-11-27T17:31:45.527+0000] {dagbag.py:538} INFO - Filling up the DagBag from /opt/airflow/dags/weather_etl_dag.py
[2025-11-27T17:31:45.546+0000] {processor.py:840} INFO - DAG(s) 'weather_etl_dag' retrieved from /opt/airflow/dags/weather_etl_dag.py
[2025-11-27T17:31:45.571+0000] {logging_mixin.py:188} INFO - [2025-11-27T17:31:45.570+0000] {dag.py:3036} INFO - Sync 1 DAGs
[2025-11-27T17:31:45.589+0000] {logging_mixin.py:188} INFO - [2025-11-27T17:31:45.589+0000] {dag.py:3823} INFO - Setting next_dagrun for weather_etl_dag to 2025-11-26 00:00:00+00:00, run_after=2025-11-27 00:00:00+00:00
[2025-11-27T17:31:45.611+0000] {processor.py:183} INFO - Processing /opt/airflow/dags/weather_etl_dag.py took 0.089 seconds
[2025-11-27T17:32:15.814+0000] {processor.py:161} INFO - Started process (PID=368) to work on /opt/airflow/dags/weather_etl_dag.py
[2025-11-27T17:32:15.815+0000] {processor.py:830} INFO - Processing file /opt/airflow/dags/weather_etl_dag.py for tasks to queue
[2025-11-27T17:32:15.815+0000] {logging_mixin.py:188} INFO - [2025-11-27T17:32:15.815+0000] {dagbag.py:538} INFO - Filling up the DagBag from /opt/airflow/dags/weather_etl_dag.py
[2025-11-27T17:32:15.835+0000] {processor.py:840} INFO - DAG(s) 'weather_etl_dag' retrieved from /opt/airflow/dags/weather_etl_dag.py
[2025-11-27T17:32:15.857+0000] {logging_mixin.py:188} INFO - [2025-11-27T17:32:15.857+0000] {dag.py:3036} INFO - Sync 1 DAGs
[2025-11-27T17:32:15.876+0000] {logging_mixin.py:188} INFO - [2025-11-27T17:32:15.876+0000] {dag.py:3823} INFO - Setting next_dagrun for weather_etl_dag to 2025-11-26 00:00:00+00:00, run_after=2025-11-27 00:00:00+00:00
[2025-11-27T17:32:15.897+0000] {processor.py:183} INFO - Processing /opt/airflow/dags/weather_etl_dag.py took 0.086 seconds
[2025-11-27T17:32:46.226+0000] {processor.py:161} INFO - Started process (PID=391) to work on /opt/airflow/dags/weather_etl_dag.py
[2025-11-27T17:32:46.227+0000] {processor.py:830} INFO - Processing file /opt/airflow/dags/weather_etl_dag.py for tasks to queue
[2025-11-27T17:32:46.228+0000] {logging_mixin.py:188} INFO - [2025-11-27T17:32:46.227+0000] {dagbag.py:538} INFO - Filling up the DagBag from /opt/airflow/dags/weather_etl_dag.py
[2025-11-27T17:32:46.246+0000] {processor.py:840} INFO - DAG(s) 'weather_etl_dag' retrieved from /opt/airflow/dags/weather_etl_dag.py
[2025-11-27T17:32:46.268+0000] {logging_mixin.py:188} INFO - [2025-11-27T17:32:46.268+0000] {dag.py:3036} INFO - Sync 1 DAGs
[2025-11-27T17:32:46.285+0000] {logging_mixin.py:188} INFO - [2025-11-27T17:32:46.285+0000] {dag.py:3823} INFO - Setting next_dagrun for weather_etl_dag to 2025-11-27 00:00:00+00:00, run_after=2025-11-28 00:00:00+00:00
[2025-11-27T17:32:46.305+0000] {processor.py:183} INFO - Processing /opt/airflow/dags/weather_etl_dag.py took 0.081 seconds
[2025-11-27T17:33:16.446+0000] {processor.py:161} INFO - Started process (PID=401) to work on /opt/airflow/dags/weather_etl_dag.py
[2025-11-27T17:33:16.447+0000] {processor.py:830} INFO - Processing file /opt/airflow/dags/weather_etl_dag.py for tasks to queue
[2025-11-27T17:33:16.448+0000] {logging_mixin.py:188} INFO - [2025-11-27T17:33:16.448+0000] {dagbag.py:538} INFO - Filling up the DagBag from /opt/airflow/dags/weather_etl_dag.py
[2025-11-27T17:33:16.468+0000] {processor.py:840} INFO - DAG(s) 'weather_etl_dag' retrieved from /opt/airflow/dags/weather_etl_dag.py
[2025-11-27T17:33:16.491+0000] {logging_mixin.py:188} INFO - [2025-11-27T17:33:16.491+0000] {dag.py:3036} INFO - Sync 1 DAGs
[2025-11-27T17:33:16.512+0000] {logging_mixin.py:188} INFO - [2025-11-27T17:33:16.512+0000] {dag.py:3823} INFO - Setting next_dagrun for weather_etl_dag to 2025-11-27 00:00:00+00:00, run_after=2025-11-28 00:00:00+00:00
[2025-11-27T17:33:16.532+0000] {processor.py:183} INFO - Processing /opt/airflow/dags/weather_etl_dag.py took 0.088 seconds
[2025-11-27T17:33:30.702+0000] {processor.py:161} INFO - Started process (PID=411) to work on /opt/airflow/dags/weather_etl_dag.py
[2025-11-27T17:33:30.703+0000] {processor.py:830} INFO - Processing file /opt/airflow/dags/weather_etl_dag.py for tasks to queue
[2025-11-27T17:33:30.705+0000] {logging_mixin.py:188} INFO - [2025-11-27T17:33:30.704+0000] {dagbag.py:538} INFO - Filling up the DagBag from /opt/airflow/dags/weather_etl_dag.py
[2025-11-27T17:33:30.749+0000] {processor.py:840} INFO - DAG(s) 'weather_etl_dag' retrieved from /opt/airflow/dags/weather_etl_dag.py
[2025-11-27T17:33:30.886+0000] {logging_mixin.py:188} INFO - [2025-11-27T17:33:30.885+0000] {dag.py:3036} INFO - Sync 1 DAGs
[2025-11-27T17:33:30.905+0000] {logging_mixin.py:188} INFO - [2025-11-27T17:33:30.905+0000] {dag.py:3823} INFO - Setting next_dagrun for weather_etl_dag to 2025-11-27 00:00:00+00:00, run_after=2025-11-28 00:00:00+00:00
[2025-11-27T17:33:30.928+0000] {processor.py:183} INFO - Processing /opt/airflow/dags/weather_etl_dag.py took 0.230 seconds
[2025-11-27T17:34:00.987+0000] {processor.py:161} INFO - Started process (PID=434) to work on /opt/airflow/dags/weather_etl_dag.py
[2025-11-27T17:34:00.988+0000] {processor.py:830} INFO - Processing file /opt/airflow/dags/weather_etl_dag.py for tasks to queue
[2025-11-27T17:34:00.989+0000] {logging_mixin.py:188} INFO - [2025-11-27T17:34:00.989+0000] {dagbag.py:538} INFO - Filling up the DagBag from /opt/airflow/dags/weather_etl_dag.py
[2025-11-27T17:34:01.015+0000] {processor.py:840} INFO - DAG(s) 'weather_etl_dag' retrieved from /opt/airflow/dags/weather_etl_dag.py
[2025-11-27T17:34:01.042+0000] {logging_mixin.py:188} INFO - [2025-11-27T17:34:01.042+0000] {dag.py:3036} INFO - Sync 1 DAGs
[2025-11-27T17:34:01.065+0000] {logging_mixin.py:188} INFO - [2025-11-27T17:34:01.065+0000] {dag.py:3823} INFO - Setting next_dagrun for weather_etl_dag to 2025-11-27 00:00:00+00:00, run_after=2025-11-28 00:00:00+00:00
[2025-11-27T17:34:01.087+0000] {processor.py:183} INFO - Processing /opt/airflow/dags/weather_etl_dag.py took 0.104 seconds
[2025-11-27T17:34:31.218+0000] {processor.py:161} INFO - Started process (PID=444) to work on /opt/airflow/dags/weather_etl_dag.py
[2025-11-27T17:34:31.219+0000] {processor.py:830} INFO - Processing file /opt/airflow/dags/weather_etl_dag.py for tasks to queue
[2025-11-27T17:34:31.220+0000] {logging_mixin.py:188} INFO - [2025-11-27T17:34:31.220+0000] {dagbag.py:538} INFO - Filling up the DagBag from /opt/airflow/dags/weather_etl_dag.py
[2025-11-27T17:34:31.247+0000] {processor.py:840} INFO - DAG(s) 'weather_etl_dag' retrieved from /opt/airflow/dags/weather_etl_dag.py
[2025-11-27T17:34:31.270+0000] {logging_mixin.py:188} INFO - [2025-11-27T17:34:31.270+0000] {dag.py:3036} INFO - Sync 1 DAGs
[2025-11-27T17:34:31.292+0000] {logging_mixin.py:188} INFO - [2025-11-27T17:34:31.292+0000] {dag.py:3823} INFO - Setting next_dagrun for weather_etl_dag to 2025-11-27 00:00:00+00:00, run_after=2025-11-28 00:00:00+00:00
[2025-11-27T17:34:31.315+0000] {processor.py:183} INFO - Processing /opt/airflow/dags/weather_etl_dag.py took 0.101 seconds
[2025-11-27T17:35:01.513+0000] {processor.py:161} INFO - Started process (PID=454) to work on /opt/airflow/dags/weather_etl_dag.py
[2025-11-27T17:35:01.515+0000] {processor.py:830} INFO - Processing file /opt/airflow/dags/weather_etl_dag.py for tasks to queue
[2025-11-27T17:35:01.517+0000] {logging_mixin.py:188} INFO - [2025-11-27T17:35:01.516+0000] {dagbag.py:538} INFO - Filling up the DagBag from /opt/airflow/dags/weather_etl_dag.py
[2025-11-27T17:35:01.558+0000] {processor.py:840} INFO - DAG(s) 'weather_etl_dag' retrieved from /opt/airflow/dags/weather_etl_dag.py
[2025-11-27T17:35:01.584+0000] {logging_mixin.py:188} INFO - [2025-11-27T17:35:01.583+0000] {dag.py:3036} INFO - Sync 1 DAGs
[2025-11-27T17:35:01.622+0000] {logging_mixin.py:188} INFO - [2025-11-27T17:35:01.621+0000] {dag.py:3823} INFO - Setting next_dagrun for weather_etl_dag to 2025-11-27 00:00:00+00:00, run_after=2025-11-28 00:00:00+00:00
[2025-11-27T17:35:01.680+0000] {processor.py:183} INFO - Processing /opt/airflow/dags/weather_etl_dag.py took 0.172 seconds
[2025-11-27T17:35:31.945+0000] {processor.py:161} INFO - Started process (PID=464) to work on /opt/airflow/dags/weather_etl_dag.py
[2025-11-27T17:35:31.946+0000] {processor.py:830} INFO - Processing file /opt/airflow/dags/weather_etl_dag.py for tasks to queue
[2025-11-27T17:35:31.947+0000] {logging_mixin.py:188} INFO - [2025-11-27T17:35:31.947+0000] {dagbag.py:538} INFO - Filling up the DagBag from /opt/airflow/dags/weather_etl_dag.py
[2025-11-27T17:35:31.967+0000] {processor.py:840} INFO - DAG(s) 'weather_etl_dag' retrieved from /opt/airflow/dags/weather_etl_dag.py
[2025-11-27T17:35:31.990+0000] {logging_mixin.py:188} INFO - [2025-11-27T17:35:31.990+0000] {dag.py:3036} INFO - Sync 1 DAGs
[2025-11-27T17:35:32.012+0000] {logging_mixin.py:188} INFO - [2025-11-27T17:35:32.012+0000] {dag.py:3823} INFO - Setting next_dagrun for weather_etl_dag to 2025-11-27 00:00:00+00:00, run_after=2025-11-28 00:00:00+00:00
[2025-11-27T17:35:32.040+0000] {processor.py:183} INFO - Processing /opt/airflow/dags/weather_etl_dag.py took 0.099 seconds
[2025-11-27T17:36:02.072+0000] {processor.py:161} INFO - Started process (PID=474) to work on /opt/airflow/dags/weather_etl_dag.py
[2025-11-27T17:36:02.073+0000] {processor.py:830} INFO - Processing file /opt/airflow/dags/weather_etl_dag.py for tasks to queue
[2025-11-27T17:36:02.074+0000] {logging_mixin.py:188} INFO - [2025-11-27T17:36:02.074+0000] {dagbag.py:538} INFO - Filling up the DagBag from /opt/airflow/dags/weather_etl_dag.py
[2025-11-27T17:36:02.098+0000] {processor.py:840} INFO - DAG(s) 'weather_etl_dag' retrieved from /opt/airflow/dags/weather_etl_dag.py
[2025-11-27T17:36:02.130+0000] {logging_mixin.py:188} INFO - [2025-11-27T17:36:02.130+0000] {dag.py:3036} INFO - Sync 1 DAGs
[2025-11-27T17:36:02.156+0000] {logging_mixin.py:188} INFO - [2025-11-27T17:36:02.156+0000] {dag.py:3823} INFO - Setting next_dagrun for weather_etl_dag to 2025-11-27 00:00:00+00:00, run_after=2025-11-28 00:00:00+00:00
[2025-11-27T17:36:02.183+0000] {processor.py:183} INFO - Processing /opt/airflow/dags/weather_etl_dag.py took 0.114 seconds
[2025-11-27T17:36:32.523+0000] {processor.py:161} INFO - Started process (PID=484) to work on /opt/airflow/dags/weather_etl_dag.py
[2025-11-27T17:36:32.524+0000] {processor.py:830} INFO - Processing file /opt/airflow/dags/weather_etl_dag.py for tasks to queue
[2025-11-27T17:36:32.526+0000] {logging_mixin.py:188} INFO - [2025-11-27T17:36:32.526+0000] {dagbag.py:538} INFO - Filling up the DagBag from /opt/airflow/dags/weather_etl_dag.py
[2025-11-27T17:36:32.562+0000] {processor.py:840} INFO - DAG(s) 'weather_etl_dag' retrieved from /opt/airflow/dags/weather_etl_dag.py
[2025-11-27T17:36:32.598+0000] {logging_mixin.py:188} INFO - [2025-11-27T17:36:32.598+0000] {dag.py:3036} INFO - Sync 1 DAGs
[2025-11-27T17:36:32.617+0000] {logging_mixin.py:188} INFO - [2025-11-27T17:36:32.617+0000] {dag.py:3823} INFO - Setting next_dagrun for weather_etl_dag to 2025-11-27 00:00:00+00:00, run_after=2025-11-28 00:00:00+00:00
[2025-11-27T17:36:32.635+0000] {processor.py:183} INFO - Processing /opt/airflow/dags/weather_etl_dag.py took 0.116 seconds
[2025-11-27T17:37:02.830+0000] {processor.py:161} INFO - Started process (PID=494) to work on /opt/airflow/dags/weather_etl_dag.py
[2025-11-27T17:37:02.831+0000] {processor.py:830} INFO - Processing file /opt/airflow/dags/weather_etl_dag.py for tasks to queue
[2025-11-27T17:37:02.832+0000] {logging_mixin.py:188} INFO - [2025-11-27T17:37:02.832+0000] {dagbag.py:538} INFO - Filling up the DagBag from /opt/airflow/dags/weather_etl_dag.py
[2025-11-27T17:37:02.856+0000] {processor.py:840} INFO - DAG(s) 'weather_etl_dag' retrieved from /opt/airflow/dags/weather_etl_dag.py
[2025-11-27T17:37:02.886+0000] {logging_mixin.py:188} INFO - [2025-11-27T17:37:02.886+0000] {dag.py:3036} INFO - Sync 1 DAGs
[2025-11-27T17:37:02.911+0000] {logging_mixin.py:188} INFO - [2025-11-27T17:37:02.910+0000] {dag.py:3823} INFO - Setting next_dagrun for weather_etl_dag to 2025-11-27 00:00:00+00:00, run_after=2025-11-28 00:00:00+00:00
[2025-11-27T17:37:02.988+0000] {processor.py:183} INFO - Processing /opt/airflow/dags/weather_etl_dag.py took 0.162 seconds
[2025-11-27T17:37:33.209+0000] {processor.py:161} INFO - Started process (PID=504) to work on /opt/airflow/dags/weather_etl_dag.py
[2025-11-27T17:37:33.215+0000] {processor.py:830} INFO - Processing file /opt/airflow/dags/weather_etl_dag.py for tasks to queue
[2025-11-27T17:37:33.216+0000] {logging_mixin.py:188} INFO - [2025-11-27T17:37:33.216+0000] {dagbag.py:538} INFO - Filling up the DagBag from /opt/airflow/dags/weather_etl_dag.py
[2025-11-27T17:37:33.251+0000] {processor.py:840} INFO - DAG(s) 'weather_etl_dag' retrieved from /opt/airflow/dags/weather_etl_dag.py
[2025-11-27T17:37:33.285+0000] {logging_mixin.py:188} INFO - [2025-11-27T17:37:33.285+0000] {dag.py:3036} INFO - Sync 1 DAGs
[2025-11-27T17:37:33.307+0000] {logging_mixin.py:188} INFO - [2025-11-27T17:37:33.307+0000] {dag.py:3823} INFO - Setting next_dagrun for weather_etl_dag to 2025-11-27 00:00:00+00:00, run_after=2025-11-28 00:00:00+00:00
[2025-11-27T17:37:33.330+0000] {processor.py:183} INFO - Processing /opt/airflow/dags/weather_etl_dag.py took 0.126 seconds
[2025-11-27T17:38:03.592+0000] {processor.py:161} INFO - Started process (PID=514) to work on /opt/airflow/dags/weather_etl_dag.py
[2025-11-27T17:38:03.593+0000] {processor.py:830} INFO - Processing file /opt/airflow/dags/weather_etl_dag.py for tasks to queue
[2025-11-27T17:38:03.594+0000] {logging_mixin.py:188} INFO - [2025-11-27T17:38:03.594+0000] {dagbag.py:538} INFO - Filling up the DagBag from /opt/airflow/dags/weather_etl_dag.py
[2025-11-27T17:38:03.618+0000] {processor.py:840} INFO - DAG(s) 'weather_etl_dag' retrieved from /opt/airflow/dags/weather_etl_dag.py
[2025-11-27T17:38:03.646+0000] {logging_mixin.py:188} INFO - [2025-11-27T17:38:03.646+0000] {dag.py:3036} INFO - Sync 1 DAGs
[2025-11-27T17:38:03.671+0000] {logging_mixin.py:188} INFO - [2025-11-27T17:38:03.670+0000] {dag.py:3823} INFO - Setting next_dagrun for weather_etl_dag to 2025-11-27 00:00:00+00:00, run_after=2025-11-28 00:00:00+00:00
[2025-11-27T17:38:03.688+0000] {processor.py:183} INFO - Processing /opt/airflow/dags/weather_etl_dag.py took 0.100 seconds
[2025-11-27T17:38:33.914+0000] {processor.py:161} INFO - Started process (PID=524) to work on /opt/airflow/dags/weather_etl_dag.py
[2025-11-27T17:38:33.915+0000] {processor.py:830} INFO - Processing file /opt/airflow/dags/weather_etl_dag.py for tasks to queue
[2025-11-27T17:38:33.916+0000] {logging_mixin.py:188} INFO - [2025-11-27T17:38:33.916+0000] {dagbag.py:538} INFO - Filling up the DagBag from /opt/airflow/dags/weather_etl_dag.py
[2025-11-27T17:38:33.968+0000] {processor.py:840} INFO - DAG(s) 'weather_etl_dag' retrieved from /opt/airflow/dags/weather_etl_dag.py
[2025-11-27T17:38:34.013+0000] {logging_mixin.py:188} INFO - [2025-11-27T17:38:34.012+0000] {dag.py:3036} INFO - Sync 1 DAGs
[2025-11-27T17:38:34.036+0000] {logging_mixin.py:188} INFO - [2025-11-27T17:38:34.036+0000] {dag.py:3823} INFO - Setting next_dagrun for weather_etl_dag to 2025-11-27 00:00:00+00:00, run_after=2025-11-28 00:00:00+00:00
[2025-11-27T17:38:34.093+0000] {processor.py:183} INFO - Processing /opt/airflow/dags/weather_etl_dag.py took 0.183 seconds
[2025-11-27T17:39:04.321+0000] {processor.py:161} INFO - Started process (PID=534) to work on /opt/airflow/dags/weather_etl_dag.py
[2025-11-27T17:39:04.323+0000] {processor.py:830} INFO - Processing file /opt/airflow/dags/weather_etl_dag.py for tasks to queue
[2025-11-27T17:39:04.324+0000] {logging_mixin.py:188} INFO - [2025-11-27T17:39:04.323+0000] {dagbag.py:538} INFO - Filling up the DagBag from /opt/airflow/dags/weather_etl_dag.py
[2025-11-27T17:39:04.347+0000] {processor.py:840} INFO - DAG(s) 'weather_etl_dag' retrieved from /opt/airflow/dags/weather_etl_dag.py
[2025-11-27T17:39:04.376+0000] {logging_mixin.py:188} INFO - [2025-11-27T17:39:04.376+0000] {dag.py:3036} INFO - Sync 1 DAGs
[2025-11-27T17:39:04.401+0000] {logging_mixin.py:188} INFO - [2025-11-27T17:39:04.401+0000] {dag.py:3823} INFO - Setting next_dagrun for weather_etl_dag to 2025-11-27 00:00:00+00:00, run_after=2025-11-28 00:00:00+00:00
[2025-11-27T17:39:04.423+0000] {processor.py:183} INFO - Processing /opt/airflow/dags/weather_etl_dag.py took 0.105 seconds
[2025-11-27T17:39:34.686+0000] {processor.py:161} INFO - Started process (PID=544) to work on /opt/airflow/dags/weather_etl_dag.py
[2025-11-27T17:39:34.687+0000] {processor.py:830} INFO - Processing file /opt/airflow/dags/weather_etl_dag.py for tasks to queue
[2025-11-27T17:39:34.688+0000] {logging_mixin.py:188} INFO - [2025-11-27T17:39:34.688+0000] {dagbag.py:538} INFO - Filling up the DagBag from /opt/airflow/dags/weather_etl_dag.py
[2025-11-27T17:39:34.708+0000] {processor.py:840} INFO - DAG(s) 'weather_etl_dag' retrieved from /opt/airflow/dags/weather_etl_dag.py
[2025-11-27T17:39:34.731+0000] {logging_mixin.py:188} INFO - [2025-11-27T17:39:34.731+0000] {dag.py:3036} INFO - Sync 1 DAGs
[2025-11-27T17:39:34.752+0000] {logging_mixin.py:188} INFO - [2025-11-27T17:39:34.752+0000] {dag.py:3823} INFO - Setting next_dagrun for weather_etl_dag to 2025-11-27 00:00:00+00:00, run_after=2025-11-28 00:00:00+00:00
[2025-11-27T17:39:34.775+0000] {processor.py:183} INFO - Processing /opt/airflow/dags/weather_etl_dag.py took 0.092 seconds
[2025-11-27T17:40:04.944+0000] {processor.py:161} INFO - Started process (PID=554) to work on /opt/airflow/dags/weather_etl_dag.py
[2025-11-27T17:40:04.945+0000] {processor.py:830} INFO - Processing file /opt/airflow/dags/weather_etl_dag.py for tasks to queue
[2025-11-27T17:40:04.946+0000] {logging_mixin.py:188} INFO - [2025-11-27T17:40:04.946+0000] {dagbag.py:538} INFO - Filling up the DagBag from /opt/airflow/dags/weather_etl_dag.py
[2025-11-27T17:40:04.965+0000] {processor.py:840} INFO - DAG(s) 'weather_etl_dag' retrieved from /opt/airflow/dags/weather_etl_dag.py
[2025-11-27T17:40:04.989+0000] {logging_mixin.py:188} INFO - [2025-11-27T17:40:04.989+0000] {dag.py:3036} INFO - Sync 1 DAGs
[2025-11-27T17:40:05.011+0000] {logging_mixin.py:188} INFO - [2025-11-27T17:40:05.011+0000] {dag.py:3823} INFO - Setting next_dagrun for weather_etl_dag to 2025-11-27 00:00:00+00:00, run_after=2025-11-28 00:00:00+00:00
[2025-11-27T17:40:05.034+0000] {processor.py:183} INFO - Processing /opt/airflow/dags/weather_etl_dag.py took 0.093 seconds
[2025-11-27T17:40:35.223+0000] {processor.py:161} INFO - Started process (PID=564) to work on /opt/airflow/dags/weather_etl_dag.py
[2025-11-27T17:40:35.224+0000] {processor.py:830} INFO - Processing file /opt/airflow/dags/weather_etl_dag.py for tasks to queue
[2025-11-27T17:40:35.226+0000] {logging_mixin.py:188} INFO - [2025-11-27T17:40:35.225+0000] {dagbag.py:538} INFO - Filling up the DagBag from /opt/airflow/dags/weather_etl_dag.py
[2025-11-27T17:40:35.251+0000] {processor.py:840} INFO - DAG(s) 'weather_etl_dag' retrieved from /opt/airflow/dags/weather_etl_dag.py
[2025-11-27T17:40:35.278+0000] {logging_mixin.py:188} INFO - [2025-11-27T17:40:35.278+0000] {dag.py:3036} INFO - Sync 1 DAGs
[2025-11-27T17:40:35.300+0000] {logging_mixin.py:188} INFO - [2025-11-27T17:40:35.300+0000] {dag.py:3823} INFO - Setting next_dagrun for weather_etl_dag to 2025-11-27 00:00:00+00:00, run_after=2025-11-28 00:00:00+00:00
[2025-11-27T17:40:35.322+0000] {processor.py:183} INFO - Processing /opt/airflow/dags/weather_etl_dag.py took 0.103 seconds
[2025-11-27T17:41:06.894+0000] {processor.py:161} INFO - Started process (PID=167) to work on /opt/airflow/dags/weather_etl_dag.py
[2025-11-27T17:41:06.895+0000] {processor.py:830} INFO - Processing file /opt/airflow/dags/weather_etl_dag.py for tasks to queue
[2025-11-27T17:41:06.897+0000] {logging_mixin.py:188} INFO - [2025-11-27T17:41:06.896+0000] {dagbag.py:538} INFO - Filling up the DagBag from /opt/airflow/dags/weather_etl_dag.py
[2025-11-27T17:41:06.942+0000] {processor.py:840} INFO - DAG(s) 'weather_etl_dag' retrieved from /opt/airflow/dags/weather_etl_dag.py
[2025-11-27T17:41:06.974+0000] {logging_mixin.py:188} INFO - [2025-11-27T17:41:06.973+0000] {dag.py:3036} INFO - Sync 1 DAGs
[2025-11-27T17:41:07.000+0000] {logging_mixin.py:188} INFO - [2025-11-27T17:41:07.000+0000] {dag.py:3823} INFO - Setting next_dagrun for weather_etl_dag to 2025-11-27 00:00:00+00:00, run_after=2025-11-28 00:00:00+00:00
[2025-11-27T17:41:07.022+0000] {processor.py:183} INFO - Processing /opt/airflow/dags/weather_etl_dag.py took 0.132 seconds
[2025-11-27T17:41:37.322+0000] {processor.py:161} INFO - Started process (PID=177) to work on /opt/airflow/dags/weather_etl_dag.py
[2025-11-27T17:41:37.324+0000] {processor.py:830} INFO - Processing file /opt/airflow/dags/weather_etl_dag.py for tasks to queue
[2025-11-27T17:41:37.325+0000] {logging_mixin.py:188} INFO - [2025-11-27T17:41:37.325+0000] {dagbag.py:538} INFO - Filling up the DagBag from /opt/airflow/dags/weather_etl_dag.py
[2025-11-27T17:41:37.371+0000] {processor.py:840} INFO - DAG(s) 'weather_etl_dag' retrieved from /opt/airflow/dags/weather_etl_dag.py
[2025-11-27T17:41:37.646+0000] {logging_mixin.py:188} INFO - [2025-11-27T17:41:37.646+0000] {dag.py:3036} INFO - Sync 1 DAGs
[2025-11-27T17:41:37.702+0000] {logging_mixin.py:188} INFO - [2025-11-27T17:41:37.701+0000] {dag.py:3823} INFO - Setting next_dagrun for weather_etl_dag to 2025-11-27 00:00:00+00:00, run_after=2025-11-28 00:00:00+00:00
[2025-11-27T17:41:37.763+0000] {processor.py:183} INFO - Processing /opt/airflow/dags/weather_etl_dag.py took 0.449 seconds
[2025-11-27T17:42:08.010+0000] {processor.py:161} INFO - Started process (PID=200) to work on /opt/airflow/dags/weather_etl_dag.py
[2025-11-27T17:42:08.011+0000] {processor.py:830} INFO - Processing file /opt/airflow/dags/weather_etl_dag.py for tasks to queue
[2025-11-27T17:42:08.012+0000] {logging_mixin.py:188} INFO - [2025-11-27T17:42:08.012+0000] {dagbag.py:538} INFO - Filling up the DagBag from /opt/airflow/dags/weather_etl_dag.py
[2025-11-27T17:42:08.042+0000] {processor.py:840} INFO - DAG(s) 'weather_etl_dag' retrieved from /opt/airflow/dags/weather_etl_dag.py
[2025-11-27T17:42:08.068+0000] {logging_mixin.py:188} INFO - [2025-11-27T17:42:08.068+0000] {dag.py:3036} INFO - Sync 1 DAGs
[2025-11-27T17:42:08.089+0000] {logging_mixin.py:188} INFO - [2025-11-27T17:42:08.089+0000] {dag.py:3823} INFO - Setting next_dagrun for weather_etl_dag to 2025-11-27 00:00:00+00:00, run_after=2025-11-28 00:00:00+00:00
[2025-11-27T17:42:08.111+0000] {processor.py:183} INFO - Processing /opt/airflow/dags/weather_etl_dag.py took 0.106 seconds
[2025-11-27T17:42:39.300+0000] {processor.py:161} INFO - Started process (PID=223) to work on /opt/airflow/dags/weather_etl_dag.py
[2025-11-27T17:42:39.301+0000] {processor.py:830} INFO - Processing file /opt/airflow/dags/weather_etl_dag.py for tasks to queue
[2025-11-27T17:42:39.302+0000] {logging_mixin.py:188} INFO - [2025-11-27T17:42:39.301+0000] {dagbag.py:538} INFO - Filling up the DagBag from /opt/airflow/dags/weather_etl_dag.py
[2025-11-27T17:42:39.322+0000] {processor.py:840} INFO - DAG(s) 'weather_etl_dag' retrieved from /opt/airflow/dags/weather_etl_dag.py
[2025-11-27T17:42:39.346+0000] {logging_mixin.py:188} INFO - [2025-11-27T17:42:39.346+0000] {dag.py:3036} INFO - Sync 1 DAGs
[2025-11-27T17:42:39.367+0000] {logging_mixin.py:188} INFO - [2025-11-27T17:42:39.366+0000] {dag.py:3823} INFO - Setting next_dagrun for weather_etl_dag to 2025-11-27 00:00:00+00:00, run_after=2025-11-28 00:00:00+00:00
[2025-11-27T17:42:39.391+0000] {processor.py:183} INFO - Processing /opt/airflow/dags/weather_etl_dag.py took 0.094 seconds
[2025-11-27T17:43:11.562+0000] {processor.py:161} INFO - Started process (PID=233) to work on /opt/airflow/dags/weather_etl_dag.py
[2025-11-27T17:43:11.563+0000] {processor.py:830} INFO - Processing file /opt/airflow/dags/weather_etl_dag.py for tasks to queue
[2025-11-27T17:43:11.564+0000] {logging_mixin.py:188} INFO - [2025-11-27T17:43:11.564+0000] {dagbag.py:538} INFO - Filling up the DagBag from /opt/airflow/dags/weather_etl_dag.py
[2025-11-27T17:43:11.587+0000] {processor.py:840} INFO - DAG(s) 'weather_etl_dag' retrieved from /opt/airflow/dags/weather_etl_dag.py
[2025-11-27T17:43:11.611+0000] {logging_mixin.py:188} INFO - [2025-11-27T17:43:11.611+0000] {dag.py:3036} INFO - Sync 1 DAGs
[2025-11-27T17:43:11.632+0000] {logging_mixin.py:188} INFO - [2025-11-27T17:43:11.632+0000] {dag.py:3823} INFO - Setting next_dagrun for weather_etl_dag to 2025-11-27 00:00:00+00:00, run_after=2025-11-28 00:00:00+00:00
[2025-11-27T17:43:11.656+0000] {processor.py:183} INFO - Processing /opt/airflow/dags/weather_etl_dag.py took 0.098 seconds
[2025-11-27T17:43:42.807+0000] {processor.py:161} INFO - Started process (PID=243) to work on /opt/airflow/dags/weather_etl_dag.py
[2025-11-27T17:43:42.808+0000] {processor.py:830} INFO - Processing file /opt/airflow/dags/weather_etl_dag.py for tasks to queue
[2025-11-27T17:43:42.809+0000] {logging_mixin.py:188} INFO - [2025-11-27T17:43:42.809+0000] {dagbag.py:538} INFO - Filling up the DagBag from /opt/airflow/dags/weather_etl_dag.py
[2025-11-27T17:43:42.834+0000] {processor.py:840} INFO - DAG(s) 'weather_etl_dag' retrieved from /opt/airflow/dags/weather_etl_dag.py
[2025-11-27T17:43:42.859+0000] {logging_mixin.py:188} INFO - [2025-11-27T17:43:42.859+0000] {dag.py:3036} INFO - Sync 1 DAGs
[2025-11-27T17:43:42.880+0000] {logging_mixin.py:188} INFO - [2025-11-27T17:43:42.880+0000] {dag.py:3823} INFO - Setting next_dagrun for weather_etl_dag to 2025-11-27 00:00:00+00:00, run_after=2025-11-28 00:00:00+00:00
[2025-11-27T17:43:42.904+0000] {processor.py:183} INFO - Processing /opt/airflow/dags/weather_etl_dag.py took 0.100 seconds
[2025-11-27T17:44:15.155+0000] {processor.py:161} INFO - Started process (PID=253) to work on /opt/airflow/dags/weather_etl_dag.py
[2025-11-27T17:44:15.156+0000] {processor.py:830} INFO - Processing file /opt/airflow/dags/weather_etl_dag.py for tasks to queue
[2025-11-27T17:44:15.157+0000] {logging_mixin.py:188} INFO - [2025-11-27T17:44:15.157+0000] {dagbag.py:538} INFO - Filling up the DagBag from /opt/airflow/dags/weather_etl_dag.py
[2025-11-27T17:44:15.179+0000] {processor.py:840} INFO - DAG(s) 'weather_etl_dag' retrieved from /opt/airflow/dags/weather_etl_dag.py
[2025-11-27T17:44:15.206+0000] {logging_mixin.py:188} INFO - [2025-11-27T17:44:15.206+0000] {dag.py:3036} INFO - Sync 1 DAGs
[2025-11-27T17:44:15.241+0000] {logging_mixin.py:188} INFO - [2025-11-27T17:44:15.240+0000] {dag.py:3823} INFO - Setting next_dagrun for weather_etl_dag to 2025-11-27 00:00:00+00:00, run_after=2025-11-28 00:00:00+00:00
[2025-11-27T17:44:15.269+0000] {processor.py:183} INFO - Processing /opt/airflow/dags/weather_etl_dag.py took 0.118 seconds
[2025-11-27T17:44:47.397+0000] {processor.py:161} INFO - Started process (PID=263) to work on /opt/airflow/dags/weather_etl_dag.py
[2025-11-27T17:44:47.398+0000] {processor.py:830} INFO - Processing file /opt/airflow/dags/weather_etl_dag.py for tasks to queue
[2025-11-27T17:44:47.400+0000] {logging_mixin.py:188} INFO - [2025-11-27T17:44:47.399+0000] {dagbag.py:538} INFO - Filling up the DagBag from /opt/airflow/dags/weather_etl_dag.py
[2025-11-27T17:44:47.435+0000] {processor.py:840} INFO - DAG(s) 'weather_etl_dag' retrieved from /opt/airflow/dags/weather_etl_dag.py
[2025-11-27T17:44:47.466+0000] {logging_mixin.py:188} INFO - [2025-11-27T17:44:47.466+0000] {dag.py:3036} INFO - Sync 1 DAGs
[2025-11-27T17:44:47.493+0000] {logging_mixin.py:188} INFO - [2025-11-27T17:44:47.493+0000] {dag.py:3823} INFO - Setting next_dagrun for weather_etl_dag to 2025-11-27 00:00:00+00:00, run_after=2025-11-28 00:00:00+00:00
[2025-11-27T17:44:47.516+0000] {processor.py:183} INFO - Processing /opt/airflow/dags/weather_etl_dag.py took 0.123 seconds
[2025-11-27T17:45:18.688+0000] {processor.py:161} INFO - Started process (PID=273) to work on /opt/airflow/dags/weather_etl_dag.py
[2025-11-27T17:45:18.689+0000] {processor.py:830} INFO - Processing file /opt/airflow/dags/weather_etl_dag.py for tasks to queue
[2025-11-27T17:45:18.690+0000] {logging_mixin.py:188} INFO - [2025-11-27T17:45:18.690+0000] {dagbag.py:538} INFO - Filling up the DagBag from /opt/airflow/dags/weather_etl_dag.py
[2025-11-27T17:45:18.714+0000] {processor.py:840} INFO - DAG(s) 'weather_etl_dag' retrieved from /opt/airflow/dags/weather_etl_dag.py
[2025-11-27T17:45:18.738+0000] {logging_mixin.py:188} INFO - [2025-11-27T17:45:18.737+0000] {dag.py:3036} INFO - Sync 1 DAGs
[2025-11-27T17:45:18.757+0000] {logging_mixin.py:188} INFO - [2025-11-27T17:45:18.757+0000] {dag.py:3823} INFO - Setting next_dagrun for weather_etl_dag to 2025-11-27 00:00:00+00:00, run_after=2025-11-28 00:00:00+00:00
[2025-11-27T17:45:18.779+0000] {processor.py:183} INFO - Processing /opt/airflow/dags/weather_etl_dag.py took 0.094 seconds
[2025-11-27T17:45:50.907+0000] {processor.py:161} INFO - Started process (PID=283) to work on /opt/airflow/dags/weather_etl_dag.py
[2025-11-27T17:45:50.908+0000] {processor.py:830} INFO - Processing file /opt/airflow/dags/weather_etl_dag.py for tasks to queue
[2025-11-27T17:45:50.909+0000] {logging_mixin.py:188} INFO - [2025-11-27T17:45:50.909+0000] {dagbag.py:538} INFO - Filling up the DagBag from /opt/airflow/dags/weather_etl_dag.py
[2025-11-27T17:45:50.934+0000] {processor.py:840} INFO - DAG(s) 'weather_etl_dag' retrieved from /opt/airflow/dags/weather_etl_dag.py
[2025-11-27T17:45:50.961+0000] {logging_mixin.py:188} INFO - [2025-11-27T17:45:50.961+0000] {dag.py:3036} INFO - Sync 1 DAGs
[2025-11-27T17:45:50.982+0000] {logging_mixin.py:188} INFO - [2025-11-27T17:45:50.982+0000] {dag.py:3823} INFO - Setting next_dagrun for weather_etl_dag to 2025-11-27 00:00:00+00:00, run_after=2025-11-28 00:00:00+00:00
[2025-11-27T17:45:51.005+0000] {processor.py:183} INFO - Processing /opt/airflow/dags/weather_etl_dag.py took 0.101 seconds
[2025-11-27T17:46:23.346+0000] {processor.py:161} INFO - Started process (PID=293) to work on /opt/airflow/dags/weather_etl_dag.py
[2025-11-27T17:46:23.347+0000] {processor.py:830} INFO - Processing file /opt/airflow/dags/weather_etl_dag.py for tasks to queue
[2025-11-27T17:46:23.348+0000] {logging_mixin.py:188} INFO - [2025-11-27T17:46:23.348+0000] {dagbag.py:538} INFO - Filling up the DagBag from /opt/airflow/dags/weather_etl_dag.py
[2025-11-27T17:46:23.372+0000] {processor.py:840} INFO - DAG(s) 'weather_etl_dag' retrieved from /opt/airflow/dags/weather_etl_dag.py
[2025-11-27T17:46:23.397+0000] {logging_mixin.py:188} INFO - [2025-11-27T17:46:23.396+0000] {dag.py:3036} INFO - Sync 1 DAGs
[2025-11-27T17:46:23.421+0000] {logging_mixin.py:188} INFO - [2025-11-27T17:46:23.421+0000] {dag.py:3823} INFO - Setting next_dagrun for weather_etl_dag to 2025-11-27 00:00:00+00:00, run_after=2025-11-28 00:00:00+00:00
[2025-11-27T17:46:23.444+0000] {processor.py:183} INFO - Processing /opt/airflow/dags/weather_etl_dag.py took 0.101 seconds
[2025-11-27T17:47:19.156+0000] {processor.py:161} INFO - Started process (PID=167) to work on /opt/airflow/dags/weather_etl_dag.py
[2025-11-27T17:47:19.158+0000] {processor.py:830} INFO - Processing file /opt/airflow/dags/weather_etl_dag.py for tasks to queue
[2025-11-27T17:47:19.159+0000] {logging_mixin.py:188} INFO - [2025-11-27T17:47:19.159+0000] {dagbag.py:538} INFO - Filling up the DagBag from /opt/airflow/dags/weather_etl_dag.py
[2025-11-27T17:47:19.204+0000] {processor.py:840} INFO - DAG(s) 'weather_etl_dag' retrieved from /opt/airflow/dags/weather_etl_dag.py
[2025-11-27T17:47:19.232+0000] {logging_mixin.py:188} INFO - [2025-11-27T17:47:19.231+0000] {dag.py:3036} INFO - Sync 1 DAGs
[2025-11-27T17:47:19.259+0000] {logging_mixin.py:188} INFO - [2025-11-27T17:47:19.259+0000] {dag.py:3823} INFO - Setting next_dagrun for weather_etl_dag to 2025-11-27 00:00:00+00:00, run_after=2025-11-28 00:00:00+00:00
[2025-11-27T17:47:19.287+0000] {processor.py:183} INFO - Processing /opt/airflow/dags/weather_etl_dag.py took 0.135 seconds
[2025-11-27T17:47:49.464+0000] {processor.py:161} INFO - Started process (PID=177) to work on /opt/airflow/dags/weather_etl_dag.py
[2025-11-27T17:47:49.466+0000] {processor.py:830} INFO - Processing file /opt/airflow/dags/weather_etl_dag.py for tasks to queue
[2025-11-27T17:47:49.467+0000] {logging_mixin.py:188} INFO - [2025-11-27T17:47:49.467+0000] {dagbag.py:538} INFO - Filling up the DagBag from /opt/airflow/dags/weather_etl_dag.py
[2025-11-27T17:47:49.501+0000] {processor.py:840} INFO - DAG(s) 'weather_etl_dag' retrieved from /opt/airflow/dags/weather_etl_dag.py
[2025-11-27T17:47:49.704+0000] {logging_mixin.py:188} INFO - [2025-11-27T17:47:49.703+0000] {dag.py:3036} INFO - Sync 1 DAGs
[2025-11-27T17:47:49.728+0000] {logging_mixin.py:188} INFO - [2025-11-27T17:47:49.728+0000] {dag.py:3823} INFO - Setting next_dagrun for weather_etl_dag to 2025-11-27 00:00:00+00:00, run_after=2025-11-28 00:00:00+00:00
[2025-11-27T17:47:49.748+0000] {processor.py:183} INFO - Processing /opt/airflow/dags/weather_etl_dag.py took 0.289 seconds
[2025-11-27T17:48:19.920+0000] {processor.py:161} INFO - Started process (PID=200) to work on /opt/airflow/dags/weather_etl_dag.py
[2025-11-27T17:48:19.922+0000] {processor.py:830} INFO - Processing file /opt/airflow/dags/weather_etl_dag.py for tasks to queue
[2025-11-27T17:48:19.923+0000] {logging_mixin.py:188} INFO - [2025-11-27T17:48:19.923+0000] {dagbag.py:538} INFO - Filling up the DagBag from /opt/airflow/dags/weather_etl_dag.py
[2025-11-27T17:48:19.977+0000] {processor.py:840} INFO - DAG(s) 'weather_etl_dag' retrieved from /opt/airflow/dags/weather_etl_dag.py
[2025-11-27T17:48:20.027+0000] {logging_mixin.py:188} INFO - [2025-11-27T17:48:20.027+0000] {dag.py:3036} INFO - Sync 1 DAGs
[2025-11-27T17:48:20.056+0000] {logging_mixin.py:188} INFO - [2025-11-27T17:48:20.055+0000] {dag.py:3823} INFO - Setting next_dagrun for weather_etl_dag to 2025-11-27 00:00:00+00:00, run_after=2025-11-28 00:00:00+00:00
[2025-11-27T17:48:20.079+0000] {processor.py:183} INFO - Processing /opt/airflow/dags/weather_etl_dag.py took 0.166 seconds
[2025-11-27T17:48:50.167+0000] {processor.py:161} INFO - Started process (PID=210) to work on /opt/airflow/dags/weather_etl_dag.py
[2025-11-27T17:48:50.169+0000] {processor.py:830} INFO - Processing file /opt/airflow/dags/weather_etl_dag.py for tasks to queue
[2025-11-27T17:48:50.170+0000] {logging_mixin.py:188} INFO - [2025-11-27T17:48:50.169+0000] {dagbag.py:538} INFO - Filling up the DagBag from /opt/airflow/dags/weather_etl_dag.py
[2025-11-27T17:48:50.205+0000] {processor.py:840} INFO - DAG(s) 'weather_etl_dag' retrieved from /opt/airflow/dags/weather_etl_dag.py
[2025-11-27T17:48:50.237+0000] {logging_mixin.py:188} INFO - [2025-11-27T17:48:50.237+0000] {dag.py:3036} INFO - Sync 1 DAGs
[2025-11-27T17:48:50.263+0000] {logging_mixin.py:188} INFO - [2025-11-27T17:48:50.263+0000] {dag.py:3823} INFO - Setting next_dagrun for weather_etl_dag to 2025-11-27 00:00:00+00:00, run_after=2025-11-28 00:00:00+00:00
[2025-11-27T17:48:50.286+0000] {processor.py:183} INFO - Processing /opt/airflow/dags/weather_etl_dag.py took 0.123 seconds
[2025-11-27T17:49:20.429+0000] {processor.py:161} INFO - Started process (PID=220) to work on /opt/airflow/dags/weather_etl_dag.py
[2025-11-27T17:49:20.430+0000] {processor.py:830} INFO - Processing file /opt/airflow/dags/weather_etl_dag.py for tasks to queue
[2025-11-27T17:49:20.431+0000] {logging_mixin.py:188} INFO - [2025-11-27T17:49:20.431+0000] {dagbag.py:538} INFO - Filling up the DagBag from /opt/airflow/dags/weather_etl_dag.py
[2025-11-27T17:49:20.463+0000] {processor.py:840} INFO - DAG(s) 'weather_etl_dag' retrieved from /opt/airflow/dags/weather_etl_dag.py
[2025-11-27T17:49:20.492+0000] {logging_mixin.py:188} INFO - [2025-11-27T17:49:20.492+0000] {dag.py:3036} INFO - Sync 1 DAGs
[2025-11-27T17:49:20.519+0000] {logging_mixin.py:188} INFO - [2025-11-27T17:49:20.519+0000] {dag.py:3823} INFO - Setting next_dagrun for weather_etl_dag to 2025-11-27 00:00:00+00:00, run_after=2025-11-28 00:00:00+00:00
[2025-11-27T17:49:20.543+0000] {processor.py:183} INFO - Processing /opt/airflow/dags/weather_etl_dag.py took 0.118 seconds
[2025-11-27T17:49:50.629+0000] {processor.py:161} INFO - Started process (PID=230) to work on /opt/airflow/dags/weather_etl_dag.py
[2025-11-27T17:49:50.631+0000] {processor.py:830} INFO - Processing file /opt/airflow/dags/weather_etl_dag.py for tasks to queue
[2025-11-27T17:49:50.632+0000] {logging_mixin.py:188} INFO - [2025-11-27T17:49:50.632+0000] {dagbag.py:538} INFO - Filling up the DagBag from /opt/airflow/dags/weather_etl_dag.py
[2025-11-27T17:49:50.662+0000] {processor.py:840} INFO - DAG(s) 'weather_etl_dag' retrieved from /opt/airflow/dags/weather_etl_dag.py
[2025-11-27T17:49:50.690+0000] {logging_mixin.py:188} INFO - [2025-11-27T17:49:50.690+0000] {dag.py:3036} INFO - Sync 1 DAGs
[2025-11-27T17:49:50.712+0000] {logging_mixin.py:188} INFO - [2025-11-27T17:49:50.712+0000] {dag.py:3823} INFO - Setting next_dagrun for weather_etl_dag to 2025-11-27 00:00:00+00:00, run_after=2025-11-28 00:00:00+00:00
[2025-11-27T17:49:50.733+0000] {processor.py:183} INFO - Processing /opt/airflow/dags/weather_etl_dag.py took 0.107 seconds
[2025-11-27T17:50:20.935+0000] {processor.py:161} INFO - Started process (PID=240) to work on /opt/airflow/dags/weather_etl_dag.py
[2025-11-27T17:50:20.936+0000] {processor.py:830} INFO - Processing file /opt/airflow/dags/weather_etl_dag.py for tasks to queue
[2025-11-27T17:50:20.937+0000] {logging_mixin.py:188} INFO - [2025-11-27T17:50:20.936+0000] {dagbag.py:538} INFO - Filling up the DagBag from /opt/airflow/dags/weather_etl_dag.py
[2025-11-27T17:50:20.960+0000] {processor.py:840} INFO - DAG(s) 'weather_etl_dag' retrieved from /opt/airflow/dags/weather_etl_dag.py
[2025-11-27T17:50:20.987+0000] {logging_mixin.py:188} INFO - [2025-11-27T17:50:20.987+0000] {dag.py:3036} INFO - Sync 1 DAGs
[2025-11-27T17:50:21.010+0000] {logging_mixin.py:188} INFO - [2025-11-27T17:50:21.010+0000] {dag.py:3823} INFO - Setting next_dagrun for weather_etl_dag to 2025-11-27 00:00:00+00:00, run_after=2025-11-28 00:00:00+00:00
[2025-11-27T17:50:21.034+0000] {processor.py:183} INFO - Processing /opt/airflow/dags/weather_etl_dag.py took 0.103 seconds
[2025-11-27T17:50:51.260+0000] {processor.py:161} INFO - Started process (PID=250) to work on /opt/airflow/dags/weather_etl_dag.py
[2025-11-27T17:50:51.262+0000] {processor.py:830} INFO - Processing file /opt/airflow/dags/weather_etl_dag.py for tasks to queue
[2025-11-27T17:50:51.263+0000] {logging_mixin.py:188} INFO - [2025-11-27T17:50:51.262+0000] {dagbag.py:538} INFO - Filling up the DagBag from /opt/airflow/dags/weather_etl_dag.py
[2025-11-27T17:50:51.293+0000] {processor.py:840} INFO - DAG(s) 'weather_etl_dag' retrieved from /opt/airflow/dags/weather_etl_dag.py
[2025-11-27T17:50:51.328+0000] {logging_mixin.py:188} INFO - [2025-11-27T17:50:51.328+0000] {dag.py:3036} INFO - Sync 1 DAGs
[2025-11-27T17:50:51.355+0000] {logging_mixin.py:188} INFO - [2025-11-27T17:50:51.354+0000] {dag.py:3823} INFO - Setting next_dagrun for weather_etl_dag to 2025-11-27 00:00:00+00:00, run_after=2025-11-28 00:00:00+00:00
[2025-11-27T17:50:51.382+0000] {processor.py:183} INFO - Processing /opt/airflow/dags/weather_etl_dag.py took 0.126 seconds
[2025-11-27T17:51:21.467+0000] {processor.py:161} INFO - Started process (PID=260) to work on /opt/airflow/dags/weather_etl_dag.py
[2025-11-27T17:51:21.468+0000] {processor.py:830} INFO - Processing file /opt/airflow/dags/weather_etl_dag.py for tasks to queue
[2025-11-27T17:51:21.470+0000] {logging_mixin.py:188} INFO - [2025-11-27T17:51:21.469+0000] {dagbag.py:538} INFO - Filling up the DagBag from /opt/airflow/dags/weather_etl_dag.py
[2025-11-27T17:51:21.494+0000] {processor.py:840} INFO - DAG(s) 'weather_etl_dag' retrieved from /opt/airflow/dags/weather_etl_dag.py
[2025-11-27T17:51:21.521+0000] {logging_mixin.py:188} INFO - [2025-11-27T17:51:21.521+0000] {dag.py:3036} INFO - Sync 1 DAGs
[2025-11-27T17:51:21.542+0000] {logging_mixin.py:188} INFO - [2025-11-27T17:51:21.542+0000] {dag.py:3823} INFO - Setting next_dagrun for weather_etl_dag to 2025-11-27 00:00:00+00:00, run_after=2025-11-28 00:00:00+00:00
[2025-11-27T17:51:21.566+0000] {processor.py:183} INFO - Processing /opt/airflow/dags/weather_etl_dag.py took 0.103 seconds
[2025-11-27T17:51:51.826+0000] {processor.py:161} INFO - Started process (PID=270) to work on /opt/airflow/dags/weather_etl_dag.py
[2025-11-27T17:51:51.827+0000] {processor.py:830} INFO - Processing file /opt/airflow/dags/weather_etl_dag.py for tasks to queue
[2025-11-27T17:51:51.828+0000] {logging_mixin.py:188} INFO - [2025-11-27T17:51:51.828+0000] {dagbag.py:538} INFO - Filling up the DagBag from /opt/airflow/dags/weather_etl_dag.py
[2025-11-27T17:51:51.849+0000] {processor.py:840} INFO - DAG(s) 'weather_etl_dag' retrieved from /opt/airflow/dags/weather_etl_dag.py
[2025-11-27T17:51:51.876+0000] {logging_mixin.py:188} INFO - [2025-11-27T17:51:51.875+0000] {dag.py:3036} INFO - Sync 1 DAGs
[2025-11-27T17:51:51.898+0000] {logging_mixin.py:188} INFO - [2025-11-27T17:51:51.897+0000] {dag.py:3823} INFO - Setting next_dagrun for weather_etl_dag to 2025-11-27 00:00:00+00:00, run_after=2025-11-28 00:00:00+00:00
[2025-11-27T17:51:51.926+0000] {processor.py:183} INFO - Processing /opt/airflow/dags/weather_etl_dag.py took 0.103 seconds
[2025-11-27T17:52:22.038+0000] {processor.py:161} INFO - Started process (PID=280) to work on /opt/airflow/dags/weather_etl_dag.py
[2025-11-27T17:52:22.040+0000] {processor.py:830} INFO - Processing file /opt/airflow/dags/weather_etl_dag.py for tasks to queue
[2025-11-27T17:52:22.042+0000] {logging_mixin.py:188} INFO - [2025-11-27T17:52:22.041+0000] {dagbag.py:538} INFO - Filling up the DagBag from /opt/airflow/dags/weather_etl_dag.py
[2025-11-27T17:52:22.091+0000] {processor.py:840} INFO - DAG(s) 'weather_etl_dag' retrieved from /opt/airflow/dags/weather_etl_dag.py
[2025-11-27T17:52:22.126+0000] {logging_mixin.py:188} INFO - [2025-11-27T17:52:22.125+0000] {dag.py:3036} INFO - Sync 1 DAGs
[2025-11-27T17:52:22.154+0000] {logging_mixin.py:188} INFO - [2025-11-27T17:52:22.154+0000] {dag.py:3823} INFO - Setting next_dagrun for weather_etl_dag to 2025-11-27 00:00:00+00:00, run_after=2025-11-28 00:00:00+00:00
[2025-11-27T17:52:22.177+0000] {processor.py:183} INFO - Processing /opt/airflow/dags/weather_etl_dag.py took 0.143 seconds
[2025-11-27T17:52:52.451+0000] {processor.py:161} INFO - Started process (PID=290) to work on /opt/airflow/dags/weather_etl_dag.py
[2025-11-27T17:52:52.452+0000] {processor.py:830} INFO - Processing file /opt/airflow/dags/weather_etl_dag.py for tasks to queue
[2025-11-27T17:52:52.453+0000] {logging_mixin.py:188} INFO - [2025-11-27T17:52:52.453+0000] {dagbag.py:538} INFO - Filling up the DagBag from /opt/airflow/dags/weather_etl_dag.py
[2025-11-27T17:52:52.482+0000] {processor.py:840} INFO - DAG(s) 'weather_etl_dag' retrieved from /opt/airflow/dags/weather_etl_dag.py
[2025-11-27T17:52:52.513+0000] {logging_mixin.py:188} INFO - [2025-11-27T17:52:52.513+0000] {dag.py:3036} INFO - Sync 1 DAGs
[2025-11-27T17:52:52.539+0000] {logging_mixin.py:188} INFO - [2025-11-27T17:52:52.539+0000] {dag.py:3823} INFO - Setting next_dagrun for weather_etl_dag to 2025-11-27 00:00:00+00:00, run_after=2025-11-28 00:00:00+00:00
[2025-11-27T17:52:52.561+0000] {processor.py:183} INFO - Processing /opt/airflow/dags/weather_etl_dag.py took 0.115 seconds
[2025-11-27T17:53:22.648+0000] {processor.py:161} INFO - Started process (PID=300) to work on /opt/airflow/dags/weather_etl_dag.py
[2025-11-27T17:53:22.649+0000] {processor.py:830} INFO - Processing file /opt/airflow/dags/weather_etl_dag.py for tasks to queue
[2025-11-27T17:53:22.651+0000] {logging_mixin.py:188} INFO - [2025-11-27T17:53:22.650+0000] {dagbag.py:538} INFO - Filling up the DagBag from /opt/airflow/dags/weather_etl_dag.py
[2025-11-27T17:53:22.681+0000] {processor.py:840} INFO - DAG(s) 'weather_etl_dag' retrieved from /opt/airflow/dags/weather_etl_dag.py
[2025-11-27T17:53:22.713+0000] {logging_mixin.py:188} INFO - [2025-11-27T17:53:22.713+0000] {dag.py:3036} INFO - Sync 1 DAGs
[2025-11-27T17:53:22.741+0000] {logging_mixin.py:188} INFO - [2025-11-27T17:53:22.741+0000] {dag.py:3823} INFO - Setting next_dagrun for weather_etl_dag to 2025-11-27 00:00:00+00:00, run_after=2025-11-28 00:00:00+00:00
[2025-11-27T17:53:22.768+0000] {processor.py:183} INFO - Processing /opt/airflow/dags/weather_etl_dag.py took 0.124 seconds
[2025-11-27T17:53:52.892+0000] {processor.py:161} INFO - Started process (PID=310) to work on /opt/airflow/dags/weather_etl_dag.py
[2025-11-27T17:53:52.893+0000] {processor.py:830} INFO - Processing file /opt/airflow/dags/weather_etl_dag.py for tasks to queue
[2025-11-27T17:53:52.894+0000] {logging_mixin.py:188} INFO - [2025-11-27T17:53:52.894+0000] {dagbag.py:538} INFO - Filling up the DagBag from /opt/airflow/dags/weather_etl_dag.py
[2025-11-27T17:53:52.932+0000] {processor.py:840} INFO - DAG(s) 'weather_etl_dag' retrieved from /opt/airflow/dags/weather_etl_dag.py
[2025-11-27T17:53:52.966+0000] {logging_mixin.py:188} INFO - [2025-11-27T17:53:52.966+0000] {dag.py:3036} INFO - Sync 1 DAGs
[2025-11-27T17:53:52.994+0000] {logging_mixin.py:188} INFO - [2025-11-27T17:53:52.994+0000] {dag.py:3823} INFO - Setting next_dagrun for weather_etl_dag to 2025-11-27 00:00:00+00:00, run_after=2025-11-28 00:00:00+00:00
[2025-11-27T17:53:53.017+0000] {processor.py:183} INFO - Processing /opt/airflow/dags/weather_etl_dag.py took 0.129 seconds
[2025-11-27T17:54:23.257+0000] {processor.py:161} INFO - Started process (PID=320) to work on /opt/airflow/dags/weather_etl_dag.py
[2025-11-27T17:54:23.258+0000] {processor.py:830} INFO - Processing file /opt/airflow/dags/weather_etl_dag.py for tasks to queue
[2025-11-27T17:54:23.259+0000] {logging_mixin.py:188} INFO - [2025-11-27T17:54:23.259+0000] {dagbag.py:538} INFO - Filling up the DagBag from /opt/airflow/dags/weather_etl_dag.py
[2025-11-27T17:54:23.283+0000] {processor.py:840} INFO - DAG(s) 'weather_etl_dag' retrieved from /opt/airflow/dags/weather_etl_dag.py
[2025-11-27T17:54:23.308+0000] {logging_mixin.py:188} INFO - [2025-11-27T17:54:23.308+0000] {dag.py:3036} INFO - Sync 1 DAGs
[2025-11-27T17:54:23.332+0000] {logging_mixin.py:188} INFO - [2025-11-27T17:54:23.332+0000] {dag.py:3823} INFO - Setting next_dagrun for weather_etl_dag to 2025-11-27 00:00:00+00:00, run_after=2025-11-28 00:00:00+00:00
[2025-11-27T17:54:23.352+0000] {processor.py:183} INFO - Processing /opt/airflow/dags/weather_etl_dag.py took 0.098 seconds
[2025-11-27T17:54:55.551+0000] {processor.py:161} INFO - Started process (PID=330) to work on /opt/airflow/dags/weather_etl_dag.py
[2025-11-27T17:54:55.552+0000] {processor.py:830} INFO - Processing file /opt/airflow/dags/weather_etl_dag.py for tasks to queue
[2025-11-27T17:54:55.553+0000] {logging_mixin.py:188} INFO - [2025-11-27T17:54:55.553+0000] {dagbag.py:538} INFO - Filling up the DagBag from /opt/airflow/dags/weather_etl_dag.py
[2025-11-27T17:54:55.575+0000] {processor.py:840} INFO - DAG(s) 'weather_etl_dag' retrieved from /opt/airflow/dags/weather_etl_dag.py
[2025-11-27T17:54:55.600+0000] {logging_mixin.py:188} INFO - [2025-11-27T17:54:55.600+0000] {dag.py:3036} INFO - Sync 1 DAGs
[2025-11-27T17:54:55.623+0000] {logging_mixin.py:188} INFO - [2025-11-27T17:54:55.623+0000] {dag.py:3823} INFO - Setting next_dagrun for weather_etl_dag to 2025-11-27 00:00:00+00:00, run_after=2025-11-28 00:00:00+00:00
[2025-11-27T17:54:55.646+0000] {processor.py:183} INFO - Processing /opt/airflow/dags/weather_etl_dag.py took 0.098 seconds
[2025-11-27T17:55:27.977+0000] {processor.py:161} INFO - Started process (PID=340) to work on /opt/airflow/dags/weather_etl_dag.py
[2025-11-27T17:55:27.979+0000] {processor.py:830} INFO - Processing file /opt/airflow/dags/weather_etl_dag.py for tasks to queue
[2025-11-27T17:55:27.980+0000] {logging_mixin.py:188} INFO - [2025-11-27T17:55:27.979+0000] {dagbag.py:538} INFO - Filling up the DagBag from /opt/airflow/dags/weather_etl_dag.py
[2025-11-27T17:55:28.018+0000] {processor.py:840} INFO - DAG(s) 'weather_etl_dag' retrieved from /opt/airflow/dags/weather_etl_dag.py
[2025-11-27T17:55:28.062+0000] {logging_mixin.py:188} INFO - [2025-11-27T17:55:28.061+0000] {dag.py:3036} INFO - Sync 1 DAGs
[2025-11-27T17:55:28.102+0000] {logging_mixin.py:188} INFO - [2025-11-27T17:55:28.102+0000] {dag.py:3823} INFO - Setting next_dagrun for weather_etl_dag to 2025-11-27 00:00:00+00:00, run_after=2025-11-28 00:00:00+00:00
[2025-11-27T17:55:28.131+0000] {processor.py:183} INFO - Processing /opt/airflow/dags/weather_etl_dag.py took 0.160 seconds
[2025-11-27T17:55:59.149+0000] {processor.py:161} INFO - Started process (PID=350) to work on /opt/airflow/dags/weather_etl_dag.py
[2025-11-27T17:55:59.151+0000] {processor.py:830} INFO - Processing file /opt/airflow/dags/weather_etl_dag.py for tasks to queue
[2025-11-27T17:55:59.152+0000] {logging_mixin.py:188} INFO - [2025-11-27T17:55:59.152+0000] {dagbag.py:538} INFO - Filling up the DagBag from /opt/airflow/dags/weather_etl_dag.py
[2025-11-27T17:55:59.183+0000] {processor.py:840} INFO - DAG(s) 'weather_etl_dag' retrieved from /opt/airflow/dags/weather_etl_dag.py
[2025-11-27T17:55:59.215+0000] {logging_mixin.py:188} INFO - [2025-11-27T17:55:59.214+0000] {dag.py:3036} INFO - Sync 1 DAGs
[2025-11-27T17:55:59.239+0000] {logging_mixin.py:188} INFO - [2025-11-27T17:55:59.239+0000] {dag.py:3823} INFO - Setting next_dagrun for weather_etl_dag to 2025-11-27 00:00:00+00:00, run_after=2025-11-28 00:00:00+00:00
[2025-11-27T17:55:59.263+0000] {processor.py:183} INFO - Processing /opt/airflow/dags/weather_etl_dag.py took 0.118 seconds
[2025-11-27T17:56:31.346+0000] {processor.py:161} INFO - Started process (PID=360) to work on /opt/airflow/dags/weather_etl_dag.py
[2025-11-27T17:56:31.347+0000] {processor.py:830} INFO - Processing file /opt/airflow/dags/weather_etl_dag.py for tasks to queue
[2025-11-27T17:56:31.348+0000] {logging_mixin.py:188} INFO - [2025-11-27T17:56:31.348+0000] {dagbag.py:538} INFO - Filling up the DagBag from /opt/airflow/dags/weather_etl_dag.py
[2025-11-27T17:56:31.369+0000] {processor.py:840} INFO - DAG(s) 'weather_etl_dag' retrieved from /opt/airflow/dags/weather_etl_dag.py
[2025-11-27T17:56:31.386+0000] {logging_mixin.py:188} INFO - [2025-11-27T17:56:31.386+0000] {dag.py:3036} INFO - Sync 1 DAGs
[2025-11-27T17:56:31.409+0000] {logging_mixin.py:188} INFO - [2025-11-27T17:56:31.409+0000] {dag.py:3823} INFO - Setting next_dagrun for weather_etl_dag to 2025-11-27 00:00:00+00:00, run_after=2025-11-28 00:00:00+00:00
[2025-11-27T17:56:31.430+0000] {processor.py:183} INFO - Processing /opt/airflow/dags/weather_etl_dag.py took 0.087 seconds
[2025-11-27T17:57:03.723+0000] {processor.py:161} INFO - Started process (PID=370) to work on /opt/airflow/dags/weather_etl_dag.py
[2025-11-27T17:57:03.724+0000] {processor.py:830} INFO - Processing file /opt/airflow/dags/weather_etl_dag.py for tasks to queue
[2025-11-27T17:57:03.725+0000] {logging_mixin.py:188} INFO - [2025-11-27T17:57:03.725+0000] {dagbag.py:538} INFO - Filling up the DagBag from /opt/airflow/dags/weather_etl_dag.py
[2025-11-27T17:57:03.748+0000] {processor.py:840} INFO - DAG(s) 'weather_etl_dag' retrieved from /opt/airflow/dags/weather_etl_dag.py
[2025-11-27T17:57:03.846+0000] {logging_mixin.py:188} INFO - [2025-11-27T17:57:03.846+0000] {dag.py:3036} INFO - Sync 1 DAGs
[2025-11-27T17:57:03.865+0000] {logging_mixin.py:188} INFO - [2025-11-27T17:57:03.865+0000] {dag.py:3823} INFO - Setting next_dagrun for weather_etl_dag to 2025-11-27 00:00:00+00:00, run_after=2025-11-28 00:00:00+00:00
[2025-11-27T17:57:03.889+0000] {processor.py:183} INFO - Processing /opt/airflow/dags/weather_etl_dag.py took 0.170 seconds
[2025-11-27T17:57:35.234+0000] {processor.py:161} INFO - Started process (PID=385) to work on /opt/airflow/dags/weather_etl_dag.py
[2025-11-27T17:57:35.235+0000] {processor.py:830} INFO - Processing file /opt/airflow/dags/weather_etl_dag.py for tasks to queue
[2025-11-27T17:57:35.236+0000] {logging_mixin.py:188} INFO - [2025-11-27T17:57:35.235+0000] {dagbag.py:538} INFO - Filling up the DagBag from /opt/airflow/dags/weather_etl_dag.py
[2025-11-27T17:57:35.257+0000] {processor.py:840} INFO - DAG(s) 'weather_etl_dag' retrieved from /opt/airflow/dags/weather_etl_dag.py
[2025-11-27T17:57:35.282+0000] {logging_mixin.py:188} INFO - [2025-11-27T17:57:35.282+0000] {dag.py:3036} INFO - Sync 1 DAGs
[2025-11-27T17:57:35.304+0000] {logging_mixin.py:188} INFO - [2025-11-27T17:57:35.304+0000] {dag.py:3823} INFO - Setting next_dagrun for weather_etl_dag to 2025-11-27 00:00:00+00:00, run_after=2025-11-28 00:00:00+00:00
[2025-11-27T17:57:35.330+0000] {processor.py:183} INFO - Processing /opt/airflow/dags/weather_etl_dag.py took 0.100 seconds
[2025-11-27T17:58:07.464+0000] {processor.py:161} INFO - Started process (PID=400) to work on /opt/airflow/dags/weather_etl_dag.py
[2025-11-27T17:58:07.466+0000] {processor.py:830} INFO - Processing file /opt/airflow/dags/weather_etl_dag.py for tasks to queue
[2025-11-27T17:58:07.467+0000] {logging_mixin.py:188} INFO - [2025-11-27T17:58:07.467+0000] {dagbag.py:538} INFO - Filling up the DagBag from /opt/airflow/dags/weather_etl_dag.py
[2025-11-27T17:58:07.495+0000] {processor.py:840} INFO - DAG(s) 'weather_etl_dag' retrieved from /opt/airflow/dags/weather_etl_dag.py
[2025-11-27T17:58:07.524+0000] {logging_mixin.py:188} INFO - [2025-11-27T17:58:07.523+0000] {dag.py:3036} INFO - Sync 1 DAGs
[2025-11-27T17:58:07.559+0000] {logging_mixin.py:188} INFO - [2025-11-27T17:58:07.559+0000] {dag.py:3823} INFO - Setting next_dagrun for weather_etl_dag to 2025-11-27 00:00:00+00:00, run_after=2025-11-28 00:00:00+00:00
[2025-11-27T17:58:07.584+0000] {processor.py:183} INFO - Processing /opt/airflow/dags/weather_etl_dag.py took 0.123 seconds
[2025-11-27T17:58:59.596+0000] {processor.py:161} INFO - Started process (PID=169) to work on /opt/airflow/dags/weather_etl_dag.py
[2025-11-27T17:58:59.598+0000] {processor.py:830} INFO - Processing file /opt/airflow/dags/weather_etl_dag.py for tasks to queue
[2025-11-27T17:58:59.599+0000] {logging_mixin.py:188} INFO - [2025-11-27T17:58:59.599+0000] {dagbag.py:538} INFO - Filling up the DagBag from /opt/airflow/dags/weather_etl_dag.py
[2025-11-27T17:58:59.637+0000] {processor.py:840} INFO - DAG(s) 'weather_etl_dag' retrieved from /opt/airflow/dags/weather_etl_dag.py
[2025-11-27T17:58:59.668+0000] {logging_mixin.py:188} INFO - [2025-11-27T17:58:59.668+0000] {dag.py:3036} INFO - Sync 1 DAGs
[2025-11-27T17:58:59.700+0000] {logging_mixin.py:188} INFO - [2025-11-27T17:58:59.699+0000] {dag.py:3823} INFO - Setting next_dagrun for weather_etl_dag to 2025-11-27 00:00:00+00:00, run_after=2025-11-28 00:00:00+00:00
[2025-11-27T17:58:59.725+0000] {processor.py:183} INFO - Processing /opt/airflow/dags/weather_etl_dag.py took 0.133 seconds
[2025-11-27T17:59:30.002+0000] {processor.py:161} INFO - Started process (PID=184) to work on /opt/airflow/dags/weather_etl_dag.py
[2025-11-27T17:59:30.003+0000] {processor.py:830} INFO - Processing file /opt/airflow/dags/weather_etl_dag.py for tasks to queue
[2025-11-27T17:59:30.004+0000] {logging_mixin.py:188} INFO - [2025-11-27T17:59:30.004+0000] {dagbag.py:538} INFO - Filling up the DagBag from /opt/airflow/dags/weather_etl_dag.py
[2025-11-27T17:59:30.034+0000] {processor.py:840} INFO - DAG(s) 'weather_etl_dag' retrieved from /opt/airflow/dags/weather_etl_dag.py
[2025-11-27T17:59:30.230+0000] {logging_mixin.py:188} INFO - [2025-11-27T17:59:30.229+0000] {dag.py:3036} INFO - Sync 1 DAGs
[2025-11-27T17:59:30.252+0000] {logging_mixin.py:188} INFO - [2025-11-27T17:59:30.252+0000] {dag.py:3823} INFO - Setting next_dagrun for weather_etl_dag to 2025-11-27 00:00:00+00:00, run_after=2025-11-28 00:00:00+00:00
[2025-11-27T17:59:30.276+0000] {processor.py:183} INFO - Processing /opt/airflow/dags/weather_etl_dag.py took 0.277 seconds
[2025-11-27T18:00:00.610+0000] {processor.py:161} INFO - Started process (PID=199) to work on /opt/airflow/dags/weather_etl_dag.py
[2025-11-27T18:00:00.611+0000] {processor.py:830} INFO - Processing file /opt/airflow/dags/weather_etl_dag.py for tasks to queue
[2025-11-27T18:00:00.612+0000] {logging_mixin.py:188} INFO - [2025-11-27T18:00:00.612+0000] {dagbag.py:538} INFO - Filling up the DagBag from /opt/airflow/dags/weather_etl_dag.py
[2025-11-27T18:00:00.637+0000] {processor.py:840} INFO - DAG(s) 'weather_etl_dag' retrieved from /opt/airflow/dags/weather_etl_dag.py
[2025-11-27T18:00:00.664+0000] {logging_mixin.py:188} INFO - [2025-11-27T18:00:00.664+0000] {dag.py:3036} INFO - Sync 1 DAGs
[2025-11-27T18:00:00.688+0000] {logging_mixin.py:188} INFO - [2025-11-27T18:00:00.688+0000] {dag.py:3823} INFO - Setting next_dagrun for weather_etl_dag to 2025-11-27 00:00:00+00:00, run_after=2025-11-28 00:00:00+00:00
[2025-11-27T18:00:00.710+0000] {processor.py:183} INFO - Processing /opt/airflow/dags/weather_etl_dag.py took 0.103 seconds
[2025-11-27T18:00:31.040+0000] {processor.py:161} INFO - Started process (PID=214) to work on /opt/airflow/dags/weather_etl_dag.py
[2025-11-27T18:00:31.041+0000] {processor.py:830} INFO - Processing file /opt/airflow/dags/weather_etl_dag.py for tasks to queue
[2025-11-27T18:00:31.042+0000] {logging_mixin.py:188} INFO - [2025-11-27T18:00:31.042+0000] {dagbag.py:538} INFO - Filling up the DagBag from /opt/airflow/dags/weather_etl_dag.py
[2025-11-27T18:00:31.066+0000] {processor.py:840} INFO - DAG(s) 'weather_etl_dag' retrieved from /opt/airflow/dags/weather_etl_dag.py
[2025-11-27T18:00:31.095+0000] {logging_mixin.py:188} INFO - [2025-11-27T18:00:31.095+0000] {dag.py:3036} INFO - Sync 1 DAGs
[2025-11-27T18:00:31.121+0000] {logging_mixin.py:188} INFO - [2025-11-27T18:00:31.121+0000] {dag.py:3823} INFO - Setting next_dagrun for weather_etl_dag to 2025-11-27 00:00:00+00:00, run_after=2025-11-28 00:00:00+00:00
[2025-11-27T18:00:31.145+0000] {processor.py:183} INFO - Processing /opt/airflow/dags/weather_etl_dag.py took 0.109 seconds
[2025-11-27T18:01:01.520+0000] {processor.py:161} INFO - Started process (PID=231) to work on /opt/airflow/dags/weather_etl_dag.py
[2025-11-27T18:01:01.521+0000] {processor.py:830} INFO - Processing file /opt/airflow/dags/weather_etl_dag.py for tasks to queue
[2025-11-27T18:01:01.522+0000] {logging_mixin.py:188} INFO - [2025-11-27T18:01:01.522+0000] {dagbag.py:538} INFO - Filling up the DagBag from /opt/airflow/dags/weather_etl_dag.py
[2025-11-27T18:01:01.546+0000] {processor.py:840} INFO - DAG(s) 'weather_etl_dag' retrieved from /opt/airflow/dags/weather_etl_dag.py
[2025-11-27T18:01:01.572+0000] {logging_mixin.py:188} INFO - [2025-11-27T18:01:01.571+0000] {dag.py:3036} INFO - Sync 1 DAGs
[2025-11-27T18:01:01.596+0000] {logging_mixin.py:188} INFO - [2025-11-27T18:01:01.596+0000] {dag.py:3823} INFO - Setting next_dagrun for weather_etl_dag to 2025-11-27 00:00:00+00:00, run_after=2025-11-28 00:00:00+00:00
[2025-11-27T18:01:01.619+0000] {processor.py:183} INFO - Processing /opt/airflow/dags/weather_etl_dag.py took 0.101 seconds
[2025-11-27T18:01:31.871+0000] {processor.py:161} INFO - Started process (PID=246) to work on /opt/airflow/dags/weather_etl_dag.py
[2025-11-27T18:01:31.872+0000] {processor.py:830} INFO - Processing file /opt/airflow/dags/weather_etl_dag.py for tasks to queue
[2025-11-27T18:01:31.873+0000] {logging_mixin.py:188} INFO - [2025-11-27T18:01:31.872+0000] {dagbag.py:538} INFO - Filling up the DagBag from /opt/airflow/dags/weather_etl_dag.py
[2025-11-27T18:01:31.896+0000] {processor.py:840} INFO - DAG(s) 'weather_etl_dag' retrieved from /opt/airflow/dags/weather_etl_dag.py
[2025-11-27T18:01:31.926+0000] {logging_mixin.py:188} INFO - [2025-11-27T18:01:31.925+0000] {dag.py:3036} INFO - Sync 1 DAGs
[2025-11-27T18:01:31.952+0000] {logging_mixin.py:188} INFO - [2025-11-27T18:01:31.952+0000] {dag.py:3823} INFO - Setting next_dagrun for weather_etl_dag to 2025-11-27 00:00:00+00:00, run_after=2025-11-28 00:00:00+00:00
[2025-11-27T18:01:31.976+0000] {processor.py:183} INFO - Processing /opt/airflow/dags/weather_etl_dag.py took 0.110 seconds
[2025-11-27T18:02:02.164+0000] {processor.py:161} INFO - Started process (PID=261) to work on /opt/airflow/dags/weather_etl_dag.py
[2025-11-27T18:02:02.166+0000] {processor.py:830} INFO - Processing file /opt/airflow/dags/weather_etl_dag.py for tasks to queue
[2025-11-27T18:02:02.169+0000] {logging_mixin.py:188} INFO - [2025-11-27T18:02:02.168+0000] {dagbag.py:538} INFO - Filling up the DagBag from /opt/airflow/dags/weather_etl_dag.py
[2025-11-27T18:02:02.210+0000] {processor.py:840} INFO - DAG(s) 'weather_etl_dag' retrieved from /opt/airflow/dags/weather_etl_dag.py
[2025-11-27T18:02:02.251+0000] {logging_mixin.py:188} INFO - [2025-11-27T18:02:02.251+0000] {dag.py:3036} INFO - Sync 1 DAGs
[2025-11-27T18:02:02.288+0000] {logging_mixin.py:188} INFO - [2025-11-27T18:02:02.288+0000] {dag.py:3823} INFO - Setting next_dagrun for weather_etl_dag to 2025-11-27 00:00:00+00:00, run_after=2025-11-28 00:00:00+00:00
[2025-11-27T18:02:02.319+0000] {processor.py:183} INFO - Processing /opt/airflow/dags/weather_etl_dag.py took 0.159 seconds
[2025-11-27T18:02:32.760+0000] {processor.py:161} INFO - Started process (PID=276) to work on /opt/airflow/dags/weather_etl_dag.py
[2025-11-27T18:02:32.762+0000] {processor.py:830} INFO - Processing file /opt/airflow/dags/weather_etl_dag.py for tasks to queue
[2025-11-27T18:02:32.765+0000] {logging_mixin.py:188} INFO - [2025-11-27T18:02:32.764+0000] {dagbag.py:538} INFO - Filling up the DagBag from /opt/airflow/dags/weather_etl_dag.py
[2025-11-27T18:02:32.800+0000] {processor.py:840} INFO - DAG(s) 'weather_etl_dag' retrieved from /opt/airflow/dags/weather_etl_dag.py
[2025-11-27T18:02:32.845+0000] {logging_mixin.py:188} INFO - [2025-11-27T18:02:32.844+0000] {dag.py:3036} INFO - Sync 1 DAGs
[2025-11-27T18:02:32.879+0000] {logging_mixin.py:188} INFO - [2025-11-27T18:02:32.879+0000] {dag.py:3823} INFO - Setting next_dagrun for weather_etl_dag to 2025-11-27 00:00:00+00:00, run_after=2025-11-28 00:00:00+00:00
[2025-11-27T18:02:32.912+0000] {processor.py:183} INFO - Processing /opt/airflow/dags/weather_etl_dag.py took 0.157 seconds
[2025-11-27T18:03:03.107+0000] {processor.py:161} INFO - Started process (PID=296) to work on /opt/airflow/dags/weather_etl_dag.py
[2025-11-27T18:03:03.108+0000] {processor.py:830} INFO - Processing file /opt/airflow/dags/weather_etl_dag.py for tasks to queue
[2025-11-27T18:03:03.110+0000] {logging_mixin.py:188} INFO - [2025-11-27T18:03:03.109+0000] {dagbag.py:538} INFO - Filling up the DagBag from /opt/airflow/dags/weather_etl_dag.py
[2025-11-27T18:03:03.132+0000] {processor.py:840} INFO - DAG(s) 'weather_etl_dag' retrieved from /opt/airflow/dags/weather_etl_dag.py
[2025-11-27T18:03:03.157+0000] {logging_mixin.py:188} INFO - [2025-11-27T18:03:03.156+0000] {dag.py:3036} INFO - Sync 1 DAGs
[2025-11-27T18:03:03.180+0000] {logging_mixin.py:188} INFO - [2025-11-27T18:03:03.180+0000] {dag.py:3823} INFO - Setting next_dagrun for weather_etl_dag to 2025-11-27 00:00:00+00:00, run_after=2025-11-28 00:00:00+00:00
[2025-11-27T18:03:03.206+0000] {processor.py:183} INFO - Processing /opt/airflow/dags/weather_etl_dag.py took 0.102 seconds
[2025-11-27T18:03:33.382+0000] {processor.py:161} INFO - Started process (PID=311) to work on /opt/airflow/dags/weather_etl_dag.py
[2025-11-27T18:03:33.383+0000] {processor.py:830} INFO - Processing file /opt/airflow/dags/weather_etl_dag.py for tasks to queue
[2025-11-27T18:03:33.384+0000] {logging_mixin.py:188} INFO - [2025-11-27T18:03:33.384+0000] {dagbag.py:538} INFO - Filling up the DagBag from /opt/airflow/dags/weather_etl_dag.py
[2025-11-27T18:03:33.417+0000] {processor.py:840} INFO - DAG(s) 'weather_etl_dag' retrieved from /opt/airflow/dags/weather_etl_dag.py
[2025-11-27T18:03:33.451+0000] {logging_mixin.py:188} INFO - [2025-11-27T18:03:33.450+0000] {dag.py:3036} INFO - Sync 1 DAGs
[2025-11-27T18:03:33.478+0000] {logging_mixin.py:188} INFO - [2025-11-27T18:03:33.478+0000] {dag.py:3823} INFO - Setting next_dagrun for weather_etl_dag to 2025-11-27 00:00:00+00:00, run_after=2025-11-28 00:00:00+00:00
[2025-11-27T18:03:33.504+0000] {processor.py:183} INFO - Processing /opt/airflow/dags/weather_etl_dag.py took 0.126 seconds
[2025-11-27T18:04:03.992+0000] {processor.py:161} INFO - Started process (PID=332) to work on /opt/airflow/dags/weather_etl_dag.py
[2025-11-27T18:04:03.993+0000] {processor.py:830} INFO - Processing file /opt/airflow/dags/weather_etl_dag.py for tasks to queue
[2025-11-27T18:04:03.994+0000] {logging_mixin.py:188} INFO - [2025-11-27T18:04:03.994+0000] {dagbag.py:538} INFO - Filling up the DagBag from /opt/airflow/dags/weather_etl_dag.py
[2025-11-27T18:04:04.019+0000] {processor.py:840} INFO - DAG(s) 'weather_etl_dag' retrieved from /opt/airflow/dags/weather_etl_dag.py
[2025-11-27T18:04:04.054+0000] {logging_mixin.py:188} INFO - [2025-11-27T18:04:04.054+0000] {dag.py:3036} INFO - Sync 1 DAGs
[2025-11-27T18:04:04.085+0000] {logging_mixin.py:188} INFO - [2025-11-27T18:04:04.085+0000] {dag.py:3823} INFO - Setting next_dagrun for weather_etl_dag to 2025-11-27 00:00:00+00:00, run_after=2025-11-28 00:00:00+00:00
[2025-11-27T18:04:04.113+0000] {processor.py:183} INFO - Processing /opt/airflow/dags/weather_etl_dag.py took 0.125 seconds
[2025-11-27T18:04:34.267+0000] {processor.py:161} INFO - Started process (PID=347) to work on /opt/airflow/dags/weather_etl_dag.py
[2025-11-27T18:04:34.269+0000] {processor.py:830} INFO - Processing file /opt/airflow/dags/weather_etl_dag.py for tasks to queue
[2025-11-27T18:04:34.271+0000] {logging_mixin.py:188} INFO - [2025-11-27T18:04:34.271+0000] {dagbag.py:538} INFO - Filling up the DagBag from /opt/airflow/dags/weather_etl_dag.py
[2025-11-27T18:04:34.296+0000] {processor.py:840} INFO - DAG(s) 'weather_etl_dag' retrieved from /opt/airflow/dags/weather_etl_dag.py
[2025-11-27T18:04:34.327+0000] {logging_mixin.py:188} INFO - [2025-11-27T18:04:34.326+0000] {dag.py:3036} INFO - Sync 1 DAGs
[2025-11-27T18:04:34.357+0000] {logging_mixin.py:188} INFO - [2025-11-27T18:04:34.357+0000] {dag.py:3823} INFO - Setting next_dagrun for weather_etl_dag to 2025-11-27 00:00:00+00:00, run_after=2025-11-28 00:00:00+00:00
[2025-11-27T18:04:34.380+0000] {processor.py:183} INFO - Processing /opt/airflow/dags/weather_etl_dag.py took 0.120 seconds
[2025-11-27T18:05:04.668+0000] {processor.py:161} INFO - Started process (PID=368) to work on /opt/airflow/dags/weather_etl_dag.py
[2025-11-27T18:05:04.669+0000] {processor.py:830} INFO - Processing file /opt/airflow/dags/weather_etl_dag.py for tasks to queue
[2025-11-27T18:05:04.670+0000] {logging_mixin.py:188} INFO - [2025-11-27T18:05:04.670+0000] {dagbag.py:538} INFO - Filling up the DagBag from /opt/airflow/dags/weather_etl_dag.py
[2025-11-27T18:05:04.692+0000] {processor.py:840} INFO - DAG(s) 'weather_etl_dag' retrieved from /opt/airflow/dags/weather_etl_dag.py
[2025-11-27T18:05:04.718+0000] {logging_mixin.py:188} INFO - [2025-11-27T18:05:04.718+0000] {dag.py:3036} INFO - Sync 1 DAGs
[2025-11-27T18:05:04.740+0000] {logging_mixin.py:188} INFO - [2025-11-27T18:05:04.740+0000] {dag.py:3823} INFO - Setting next_dagrun for weather_etl_dag to 2025-11-27 00:00:00+00:00, run_after=2025-11-28 00:00:00+00:00
[2025-11-27T18:05:04.766+0000] {processor.py:183} INFO - Processing /opt/airflow/dags/weather_etl_dag.py took 0.102 seconds
[2025-11-27T18:05:36.717+0000] {processor.py:161} INFO - Started process (PID=383) to work on /opt/airflow/dags/weather_etl_dag.py
[2025-11-27T18:05:36.718+0000] {processor.py:830} INFO - Processing file /opt/airflow/dags/weather_etl_dag.py for tasks to queue
[2025-11-27T18:05:36.719+0000] {logging_mixin.py:188} INFO - [2025-11-27T18:05:36.719+0000] {dagbag.py:538} INFO - Filling up the DagBag from /opt/airflow/dags/weather_etl_dag.py
[2025-11-27T18:05:36.746+0000] {processor.py:840} INFO - DAG(s) 'weather_etl_dag' retrieved from /opt/airflow/dags/weather_etl_dag.py
[2025-11-27T18:05:36.777+0000] {logging_mixin.py:188} INFO - [2025-11-27T18:05:36.777+0000] {dag.py:3036} INFO - Sync 1 DAGs
[2025-11-27T18:05:36.801+0000] {logging_mixin.py:188} INFO - [2025-11-27T18:05:36.801+0000] {dag.py:3823} INFO - Setting next_dagrun for weather_etl_dag to 2025-11-27 00:00:00+00:00, run_after=2025-11-28 00:00:00+00:00
[2025-11-27T18:05:36.820+0000] {processor.py:183} INFO - Processing /opt/airflow/dags/weather_etl_dag.py took 0.107 seconds
[2025-11-27T18:06:09.315+0000] {processor.py:161} INFO - Started process (PID=398) to work on /opt/airflow/dags/weather_etl_dag.py
[2025-11-27T18:06:09.316+0000] {processor.py:830} INFO - Processing file /opt/airflow/dags/weather_etl_dag.py for tasks to queue
[2025-11-27T18:06:09.317+0000] {logging_mixin.py:188} INFO - [2025-11-27T18:06:09.316+0000] {dagbag.py:538} INFO - Filling up the DagBag from /opt/airflow/dags/weather_etl_dag.py
[2025-11-27T18:06:09.344+0000] {processor.py:840} INFO - DAG(s) 'weather_etl_dag' retrieved from /opt/airflow/dags/weather_etl_dag.py
[2025-11-27T18:06:09.376+0000] {logging_mixin.py:188} INFO - [2025-11-27T18:06:09.376+0000] {dag.py:3036} INFO - Sync 1 DAGs
[2025-11-27T18:06:09.398+0000] {logging_mixin.py:188} INFO - [2025-11-27T18:06:09.398+0000] {dag.py:3823} INFO - Setting next_dagrun for weather_etl_dag to 2025-11-27 00:00:00+00:00, run_after=2025-11-28 00:00:00+00:00
[2025-11-27T18:06:09.419+0000] {processor.py:183} INFO - Processing /opt/airflow/dags/weather_etl_dag.py took 0.108 seconds
[2025-11-27T18:06:41.159+0000] {processor.py:161} INFO - Started process (PID=413) to work on /opt/airflow/dags/weather_etl_dag.py
[2025-11-27T18:06:41.160+0000] {processor.py:830} INFO - Processing file /opt/airflow/dags/weather_etl_dag.py for tasks to queue
[2025-11-27T18:06:41.162+0000] {logging_mixin.py:188} INFO - [2025-11-27T18:06:41.162+0000] {dagbag.py:538} INFO - Filling up the DagBag from /opt/airflow/dags/weather_etl_dag.py
[2025-11-27T18:06:41.197+0000] {processor.py:840} INFO - DAG(s) 'weather_etl_dag' retrieved from /opt/airflow/dags/weather_etl_dag.py
[2025-11-27T18:06:41.233+0000] {logging_mixin.py:188} INFO - [2025-11-27T18:06:41.232+0000] {dag.py:3036} INFO - Sync 1 DAGs
[2025-11-27T18:06:41.259+0000] {logging_mixin.py:188} INFO - [2025-11-27T18:06:41.258+0000] {dag.py:3823} INFO - Setting next_dagrun for weather_etl_dag to 2025-11-27 00:00:00+00:00, run_after=2025-11-28 00:00:00+00:00
[2025-11-27T18:06:41.283+0000] {processor.py:183} INFO - Processing /opt/airflow/dags/weather_etl_dag.py took 0.129 seconds
[2025-11-27T18:07:13.940+0000] {processor.py:161} INFO - Started process (PID=428) to work on /opt/airflow/dags/weather_etl_dag.py
[2025-11-27T18:07:13.941+0000] {processor.py:830} INFO - Processing file /opt/airflow/dags/weather_etl_dag.py for tasks to queue
[2025-11-27T18:07:13.947+0000] {logging_mixin.py:188} INFO - [2025-11-27T18:07:13.944+0000] {dagbag.py:538} INFO - Filling up the DagBag from /opt/airflow/dags/weather_etl_dag.py
[2025-11-27T18:07:13.993+0000] {processor.py:840} INFO - DAG(s) 'weather_etl_dag' retrieved from /opt/airflow/dags/weather_etl_dag.py
[2025-11-27T18:07:14.029+0000] {logging_mixin.py:188} INFO - [2025-11-27T18:07:14.029+0000] {dag.py:3036} INFO - Sync 1 DAGs
[2025-11-27T18:07:14.060+0000] {logging_mixin.py:188} INFO - [2025-11-27T18:07:14.060+0000] {dag.py:3823} INFO - Setting next_dagrun for weather_etl_dag to 2025-11-27 00:00:00+00:00, run_after=2025-11-28 00:00:00+00:00
[2025-11-27T18:07:14.090+0000] {processor.py:183} INFO - Processing /opt/airflow/dags/weather_etl_dag.py took 0.155 seconds
[2025-11-27T18:07:46.706+0000] {processor.py:161} INFO - Started process (PID=443) to work on /opt/airflow/dags/weather_etl_dag.py
[2025-11-27T18:07:46.707+0000] {processor.py:830} INFO - Processing file /opt/airflow/dags/weather_etl_dag.py for tasks to queue
[2025-11-27T18:07:46.708+0000] {logging_mixin.py:188} INFO - [2025-11-27T18:07:46.708+0000] {dagbag.py:538} INFO - Filling up the DagBag from /opt/airflow/dags/weather_etl_dag.py
[2025-11-27T18:07:46.733+0000] {processor.py:840} INFO - DAG(s) 'weather_etl_dag' retrieved from /opt/airflow/dags/weather_etl_dag.py
[2025-11-27T18:07:46.759+0000] {logging_mixin.py:188} INFO - [2025-11-27T18:07:46.759+0000] {dag.py:3036} INFO - Sync 1 DAGs
[2025-11-27T18:07:46.783+0000] {logging_mixin.py:188} INFO - [2025-11-27T18:07:46.783+0000] {dag.py:3823} INFO - Setting next_dagrun for weather_etl_dag to 2025-11-27 00:00:00+00:00, run_after=2025-11-28 00:00:00+00:00
[2025-11-27T18:07:46.806+0000] {processor.py:183} INFO - Processing /opt/airflow/dags/weather_etl_dag.py took 0.104 seconds
[2025-11-27T18:08:16.970+0000] {processor.py:161} INFO - Started process (PID=458) to work on /opt/airflow/dags/weather_etl_dag.py
[2025-11-27T18:08:16.972+0000] {processor.py:830} INFO - Processing file /opt/airflow/dags/weather_etl_dag.py for tasks to queue
[2025-11-27T18:08:16.973+0000] {logging_mixin.py:188} INFO - [2025-11-27T18:08:16.973+0000] {dagbag.py:538} INFO - Filling up the DagBag from /opt/airflow/dags/weather_etl_dag.py
[2025-11-27T18:08:17.006+0000] {processor.py:840} INFO - DAG(s) 'weather_etl_dag' retrieved from /opt/airflow/dags/weather_etl_dag.py
[2025-11-27T18:08:17.040+0000] {logging_mixin.py:188} INFO - [2025-11-27T18:08:17.040+0000] {dag.py:3036} INFO - Sync 1 DAGs
[2025-11-27T18:08:17.070+0000] {logging_mixin.py:188} INFO - [2025-11-27T18:08:17.070+0000] {dag.py:3823} INFO - Setting next_dagrun for weather_etl_dag to 2025-11-27 00:00:00+00:00, run_after=2025-11-28 00:00:00+00:00
[2025-11-27T18:08:19.046+0000] {processor.py:183} INFO - Processing /opt/airflow/dags/weather_etl_dag.py took 0.133 seconds
[2025-11-27T18:08:49.866+0000] {processor.py:161} INFO - Started process (PID=473) to work on /opt/airflow/dags/weather_etl_dag.py
[2025-11-27T18:08:49.867+0000] {processor.py:830} INFO - Processing file /opt/airflow/dags/weather_etl_dag.py for tasks to queue
[2025-11-27T18:08:49.869+0000] {logging_mixin.py:188} INFO - [2025-11-27T18:08:49.868+0000] {dagbag.py:538} INFO - Filling up the DagBag from /opt/airflow/dags/weather_etl_dag.py
[2025-11-27T18:08:49.900+0000] {processor.py:840} INFO - DAG(s) 'weather_etl_dag' retrieved from /opt/airflow/dags/weather_etl_dag.py
[2025-11-27T18:08:49.940+0000] {logging_mixin.py:188} INFO - [2025-11-27T18:08:49.940+0000] {dag.py:3036} INFO - Sync 1 DAGs
[2025-11-27T18:08:49.971+0000] {logging_mixin.py:188} INFO - [2025-11-27T18:08:49.971+0000] {dag.py:3823} INFO - Setting next_dagrun for weather_etl_dag to 2025-11-27 00:00:00+00:00, run_after=2025-11-28 00:00:00+00:00
[2025-11-27T18:08:49.996+0000] {processor.py:183} INFO - Processing /opt/airflow/dags/weather_etl_dag.py took 0.134 seconds
[2025-11-27T18:09:20.119+0000] {processor.py:161} INFO - Started process (PID=488) to work on /opt/airflow/dags/weather_etl_dag.py
[2025-11-27T18:09:20.120+0000] {processor.py:830} INFO - Processing file /opt/airflow/dags/weather_etl_dag.py for tasks to queue
[2025-11-27T18:09:20.122+0000] {logging_mixin.py:188} INFO - [2025-11-27T18:09:20.121+0000] {dagbag.py:538} INFO - Filling up the DagBag from /opt/airflow/dags/weather_etl_dag.py
[2025-11-27T18:09:20.153+0000] {processor.py:840} INFO - DAG(s) 'weather_etl_dag' retrieved from /opt/airflow/dags/weather_etl_dag.py
[2025-11-27T18:09:20.186+0000] {logging_mixin.py:188} INFO - [2025-11-27T18:09:20.186+0000] {dag.py:3036} INFO - Sync 1 DAGs
[2025-11-27T18:09:20.208+0000] {logging_mixin.py:188} INFO - [2025-11-27T18:09:20.208+0000] {dag.py:3823} INFO - Setting next_dagrun for weather_etl_dag to 2025-11-27 00:00:00+00:00, run_after=2025-11-28 00:00:00+00:00
[2025-11-27T18:09:20.229+0000] {processor.py:183} INFO - Processing /opt/airflow/dags/weather_etl_dag.py took 0.114 seconds
[2025-11-27T18:09:51.012+0000] {processor.py:161} INFO - Started process (PID=503) to work on /opt/airflow/dags/weather_etl_dag.py
[2025-11-27T18:09:51.014+0000] {processor.py:830} INFO - Processing file /opt/airflow/dags/weather_etl_dag.py for tasks to queue
[2025-11-27T18:09:51.015+0000] {logging_mixin.py:188} INFO - [2025-11-27T18:09:51.015+0000] {dagbag.py:538} INFO - Filling up the DagBag from /opt/airflow/dags/weather_etl_dag.py
[2025-11-27T18:09:51.046+0000] {processor.py:840} INFO - DAG(s) 'weather_etl_dag' retrieved from /opt/airflow/dags/weather_etl_dag.py
[2025-11-27T18:09:51.079+0000] {logging_mixin.py:188} INFO - [2025-11-27T18:09:51.079+0000] {dag.py:3036} INFO - Sync 1 DAGs
[2025-11-27T18:09:51.107+0000] {logging_mixin.py:188} INFO - [2025-11-27T18:09:51.107+0000] {dag.py:3823} INFO - Setting next_dagrun for weather_etl_dag to 2025-11-27 00:00:00+00:00, run_after=2025-11-28 00:00:00+00:00
[2025-11-27T18:09:51.129+0000] {processor.py:183} INFO - Processing /opt/airflow/dags/weather_etl_dag.py took 0.122 seconds
[2025-11-27T18:10:21.500+0000] {processor.py:161} INFO - Started process (PID=518) to work on /opt/airflow/dags/weather_etl_dag.py
[2025-11-27T18:10:21.501+0000] {processor.py:830} INFO - Processing file /opt/airflow/dags/weather_etl_dag.py for tasks to queue
[2025-11-27T18:10:21.504+0000] {logging_mixin.py:188} INFO - [2025-11-27T18:10:21.503+0000] {dagbag.py:538} INFO - Filling up the DagBag from /opt/airflow/dags/weather_etl_dag.py
[2025-11-27T18:10:21.545+0000] {processor.py:840} INFO - DAG(s) 'weather_etl_dag' retrieved from /opt/airflow/dags/weather_etl_dag.py
[2025-11-27T18:10:21.590+0000] {logging_mixin.py:188} INFO - [2025-11-27T18:10:21.590+0000] {dag.py:3036} INFO - Sync 1 DAGs
[2025-11-27T18:10:21.621+0000] {logging_mixin.py:188} INFO - [2025-11-27T18:10:21.620+0000] {dag.py:3823} INFO - Setting next_dagrun for weather_etl_dag to 2025-11-27 00:00:00+00:00, run_after=2025-11-28 00:00:00+00:00
[2025-11-27T18:10:21.649+0000] {processor.py:183} INFO - Processing /opt/airflow/dags/weather_etl_dag.py took 0.153 seconds
